#! /c/Source/iverilog-install/bin/vvp
:ivl_version "12.0 (devel)" "(s20150603-1539-g2693dd32b)";
:ivl_delay_selection "TYPICAL";
:vpi_time_precision - 12;
:vpi_module "C:\iverilog\lib\ivl\system.vpi";
:vpi_module "C:\iverilog\lib\ivl\vhdl_sys.vpi";
:vpi_module "C:\iverilog\lib\ivl\vhdl_textio.vpi";
:vpi_module "C:\iverilog\lib\ivl\v2005_math.vpi";
:vpi_module "C:\iverilog\lib\ivl\va_math.vpi";
S_0000024408355840 .scope module, "xor_gate_tb" "xor_gate_tb" 2 4;
 .timescale -9 -12;
v000002440839b840_0 .var "a", 0 0;
v000002440839b8e0_0 .var "b", 0 0;
v000002440839b980_0 .net "y", 0 0, L_0000024408323520;  1 drivers
S_00000244083559d0 .scope module, "uut" "xor_gate" 2 8, 3 1 0, S_0000024408355840;
 .timescale -9 -12;
    .port_info 0 /INPUT 1 "a";
    .port_info 1 /INPUT 1 "b";
    .port_info 2 /OUTPUT 1 "y";
L_0000024408323520 .functor XOR 1, v000002440839b840_0, v000002440839b8e0_0, C4<0>, C4<0>;
v0000024408355b60_0 .net "a", 0 0, v000002440839b840_0;  1 drivers
v0000024408323120_0 .net "b", 0 0, v000002440839b8e0_0;  1 drivers
v0000024408355c00_0 .net "y", 0 0, L_0000024408323520;  alias, 1 drivers
    .scope S_0000024408355840;
T_0 ;
    %vpi_call 2 11 "$dumpfile", "xor.vcd" {0 0 0};
    %vpi_call 2 12 "$dumpvars", 32'sb00000000000000000000000000000000, S_0000024408355840 {0 0 0};
    %pushi/vec4 0, 0, 1;
    %store/vec4 v000002440839b840_0, 0, 1;
    %pushi/vec4 0, 0, 1;
    %store/vec4 v000002440839b8e0_0, 0, 1;
    %delay 10000, 0;
    %pushi/vec4 0, 0, 1;
    %store/vec4 v000002440839b8e0_0, 0, 1;
    %pushi/vec4 1, 0, 1;
    %store/vec4 v000002440839b8e0_0, 0, 1;
    %delay 10000, 0;
    %pushi/vec4 1, 0, 1;
    %store/vec4 v000002440839b840_0, 0, 1;
    %pushi/vec4 0, 0, 1;
    %store/vec4 v000002440839b8e0_0, 0, 1;
    %delay 10000, 0;
    %pushi/vec4 1, 0, 1;
    %store/vec4 v000002440839b8e0_0, 0, 1;
    %pushi/vec4 1, 0, 1;
    %store/vec4 v000002440839b8e0_0, 0, 1;
    %delay 10000, 0;
    %vpi_call 2 21 "$finish" {0 0 0};
    %end;
    .thread T_0;
# The file index is used to find the file name in the following table.
:file_names 4;
    "N/A";
    "<interactive>";
    "xor_tb.v";
    "./xor.v";
