#! /c/Source/iverilog-install/bin/vvp
:ivl_version "12.0 (devel)" "(s20150603-1539-g2693dd32b)";
:ivl_delay_selection "TYPICAL";
:vpi_time_precision - 12;
:vpi_module "C:\iverilog\lib\ivl\system.vpi";
:vpi_module "C:\iverilog\lib\ivl\vhdl_sys.vpi";
:vpi_module "C:\iverilog\lib\ivl\vhdl_textio.vpi";
:vpi_module "C:\iverilog\lib\ivl\v2005_math.vpi";
:vpi_module "C:\iverilog\lib\ivl\va_math.vpi";
S_0000028a49589780 .scope module, "not_gate_tb" "not_gate_tb" 2 4;
 .timescale -9 -12;
v0000028a495d5260_0 .var "a", 0 0;
v0000028a495d5300_0 .net "y", 0 0, L_0000028a495a32c0;  1 drivers
S_0000028a495d5030 .scope module, "uut" "not_gate" 2 8, 3 1 0, S_0000028a49589780;
 .timescale -9 -12;
    .port_info 0 /INPUT 1 "a";
    .port_info 1 /OUTPUT 1 "y";
L_0000028a495a32c0 .functor NOT 1, v0000028a495d5260_0, C4<0>, C4<0>, C4<0>;
v0000028a495d51c0_0 .net "a", 0 0, v0000028a495d5260_0;  1 drivers
v0000028a495a2f40_0 .net "y", 0 0, L_0000028a495a32c0;  alias, 1 drivers
    .scope S_0000028a49589780;
T_0 ;
    %vpi_call 2 11 "$dumpfile", "not.vcd" {0 0 0};
    %vpi_call 2 12 "$dumpvars", 32'sb00000000000000000000000000000000, S_0000028a49589780 {0 0 0};
    %pushi/vec4 0, 0, 1;
    %store/vec4 v0000028a495d5260_0, 0, 1;
    %delay 10000, 0;
    %pushi/vec4 1, 0, 1;
    %store/vec4 v0000028a495d5260_0, 0, 1;
    %delay 10000, 0;
    %vpi_call 2 17 "$finish" {0 0 0};
    %end;
    .thread T_0;
# The file index is used to find the file name in the following table.
:file_names 4;
    "N/A";
    "<interactive>";
    "not_tb.v";
    "./not.v";
