#! /c/Source/iverilog-install/bin/vvp
:ivl_version "12.0 (devel)" "(s20150603-1539-g2693dd32b)";
:ivl_delay_selection "TYPICAL";
:vpi_time_precision + 0;
:vpi_module "C:\iverilog\lib\ivl\system.vpi";
:vpi_module "C:\iverilog\lib\ivl\vhdl_sys.vpi";
:vpi_module "C:\iverilog\lib\ivl\vhdl_textio.vpi";
:vpi_module "C:\iverilog\lib\ivl\v2005_math.vpi";
:vpi_module "C:\iverilog\lib\ivl\va_math.vpi";
S_000001c4ed989580 .scope module, "comb_tb" "comb_tb" 2 1;
 .timescale 0 0;
v000001c4ed98bbd0_0 .var "A", 0 0;
v000001c4ed98bc70_0 .var "B", 0 0;
v000001c4ed98bd10_0 .var "C", 0 0;
v000001c4ed98bdb0_0 .var "D", 0 0;
v000001c4ed98be50_0 .net "Y_struct", 0 0, L_000001c4ed989710;  1 drivers
S_000001c4edbd5bd0 .scope module, "U2" "comb_struct" 2 7, 3 1 0, S_000001c4ed989580;
 .timescale 0 0;
    .port_info 0 /INPUT 1 "A";
    .port_info 1 /INPUT 1 "B";
    .port_info 2 /INPUT 1 "C";
    .port_info 3 /INPUT 1 "D";
    .port_info 4 /OUTPUT 1 "Y";
L_000001c4edbd5fe0 .functor AND 1, v000001c4ed98bbd0_0, v000001c4ed98bc70_0, C4<1>, C4<1>;
L_000001c4ed986e50 .functor AND 1, v000001c4ed98bd10_0, v000001c4ed98bdb0_0, C4<1>, C4<1>;
L_000001c4ed989710 .functor OR 1, L_000001c4edbd5fe0, L_000001c4ed986e50, C4<0>, C4<0>;
v000001c4ed986a10_0 .net "A", 0 0, v000001c4ed98bbd0_0;  1 drivers
v000001c4ed9867b0_0 .net "B", 0 0, v000001c4ed98bc70_0;  1 drivers
v000001c4ed986c30_0 .net "C", 0 0, v000001c4ed98bd10_0;  1 drivers
v000001c4edbd5d60_0 .net "D", 0 0, v000001c4ed98bdb0_0;  1 drivers
v000001c4edbd5e00_0 .net "Y", 0 0, L_000001c4ed989710;  alias, 1 drivers
v000001c4edbd5ea0_0 .net "Y1", 0 0, L_000001c4edbd5fe0;  1 drivers
v000001c4edbd5f40_0 .net "Y2", 0 0, L_000001c4ed986e50;  1 drivers
    .scope S_000001c4ed989580;
T_0 ;
    %vpi_call 2 13 "$dumpfile", "comb.vcd" {0 0 0};
    %vpi_call 2 14 "$dumpvars", 32'sb00000000000000000000000000000000, S_000001c4ed989580 {0 0 0};
    %pushi/vec4 0, 0, 1;
    %store/vec4 v000001c4ed98bbd0_0, 0, 1;
    %pushi/vec4 0, 0, 1;
    %store/vec4 v000001c4ed98bc70_0, 0, 1;
    %pushi/vec4 0, 0, 1;
    %store/vec4 v000001c4ed98bd10_0, 0, 1;
    %pushi/vec4 0, 0, 1;
    %store/vec4 v000001c4ed98bdb0_0, 0, 1;
    %delay 10, 0;
    %pushi/vec4 1, 0, 1;
    %store/vec4 v000001c4ed98bbd0_0, 0, 1;
    %pushi/vec4 1, 0, 1;
    %store/vec4 v000001c4ed98bc70_0, 0, 1;
    %pushi/vec4 0, 0, 1;
    %store/vec4 v000001c4ed98bd10_0, 0, 1;
    %pushi/vec4 0, 0, 1;
    %store/vec4 v000001c4ed98bdb0_0, 0, 1;
    %delay 10, 0;
    %pushi/vec4 0, 0, 1;
    %store/vec4 v000001c4ed98bbd0_0, 0, 1;
    %pushi/vec4 0, 0, 1;
    %store/vec4 v000001c4ed98bc70_0, 0, 1;
    %pushi/vec4 1, 0, 1;
    %store/vec4 v000001c4ed98bd10_0, 0, 1;
    %pushi/vec4 1, 0, 1;
    %store/vec4 v000001c4ed98bdb0_0, 0, 1;
    %delay 10, 0;
    %pushi/vec4 1, 0, 1;
    %store/vec4 v000001c4ed98bbd0_0, 0, 1;
    %pushi/vec4 1, 0, 1;
    %store/vec4 v000001c4ed98bc70_0, 0, 1;
    %pushi/vec4 1, 0, 1;
    %store/vec4 v000001c4ed98bd10_0, 0, 1;
    %pushi/vec4 1, 0, 1;
    %store/vec4 v000001c4ed98bdb0_0, 0, 1;
    %delay 10, 0;
    %pushi/vec4 1, 0, 1;
    %store/vec4 v000001c4ed98bbd0_0, 0, 1;
    %pushi/vec4 0, 0, 1;
    %store/vec4 v000001c4ed98bc70_0, 0, 1;
    %pushi/vec4 1, 0, 1;
    %store/vec4 v000001c4ed98bd10_0, 0, 1;
    %pushi/vec4 0, 0, 1;
    %store/vec4 v000001c4ed98bdb0_0, 0, 1;
    %delay 10, 0;
    %vpi_call 2 22 "$finish" {0 0 0};
    %end;
    .thread T_0;
# The file index is used to find the file name in the following table.
:file_names 4;
    "N/A";
    "<interactive>";
    "combination_tb.v";
    "combination.v";
