#! /c/Source/iverilog-install/bin/vvp
:ivl_version "12.0 (devel)" "(s20150603-1539-g2693dd32b)";
:ivl_delay_selection "TYPICAL";
:vpi_time_precision + 0;
:vpi_module "C:\iverilog\lib\ivl\system.vpi";
:vpi_module "C:\iverilog\lib\ivl\vhdl_sys.vpi";
:vpi_module "C:\iverilog\lib\ivl\vhdl_textio.vpi";
:vpi_module "C:\iverilog\lib\ivl\v2005_math.vpi";
:vpi_module "C:\iverilog\lib\ivl\va_math.vpi";
S_0000029bdc4bd8b0 .scope module, "beh_rsff_tb" "beh_rsff_tb" 2 1;
 .timescale 0 0;
v0000029bdc4bb660_0 .net "Q", 0 0, v0000029bdc2f3360_0;  1 drivers
v0000029bdc4bb700_0 .net "Qbar", 0 0, v0000029bdc2f30e0_0;  1 drivers
v0000029bdc4bb7a0_0 .var "R", 0 0;
v0000029bdc4bb840_0 .var "S", 0 0;
S_0000029bdc4bda40 .scope module, "op" "rs_ff_beh" 2 6, 3 1 0, S_0000029bdc4bd8b0;
 .timescale 0 0;
    .port_info 0 /INPUT 1 "S";
    .port_info 1 /INPUT 1 "R";
    .port_info 2 /OUTPUT 1 "Q";
    .port_info 3 /OUTPUT 1 "Qbar";
v0000029bdc2f3360_0 .var "Q", 0 0;
v0000029bdc2f30e0_0 .var "Qbar", 0 0;
v0000029bdc4bdbd0_0 .net "R", 0 0, v0000029bdc4bb7a0_0;  1 drivers
v0000029bdc4bdc70_0 .net "S", 0 0, v0000029bdc4bb840_0;  1 drivers
E_0000029bdc4b8c30 .event anyedge, v0000029bdc4bdbd0_0, v0000029bdc4bdc70_0;
    .scope S_0000029bdc4bda40;
T_0 ;
    %wait E_0000029bdc4b8c30;
    %load/vec4 v0000029bdc4bdc70_0;
    %pad/u 32;
    %cmpi/e 1, 0, 32;
    %flag_get/vec4 4;
    %jmp/0 T_0.2, 4;
    %load/vec4 v0000029bdc4bdbd0_0;
    %pad/u 32;
    %pushi/vec4 0, 0, 32;
    %cmp/e;
    %flag_get/vec4 4;
    %and;
T_0.2;
    %flag_set/vec4 8;
    %jmp/0xz  T_0.0, 8;
    %pushi/vec4 1, 0, 1;
    %store/vec4 v0000029bdc2f3360_0, 0, 1;
    %pushi/vec4 0, 0, 1;
    %store/vec4 v0000029bdc2f30e0_0, 0, 1;
    %jmp T_0.1;
T_0.0 ;
    %load/vec4 v0000029bdc4bdc70_0;
    %pad/u 32;
    %cmpi/e 0, 0, 32;
    %flag_get/vec4 4;
    %jmp/0 T_0.5, 4;
    %load/vec4 v0000029bdc4bdbd0_0;
    %pad/u 32;
    %pushi/vec4 1, 0, 32;
    %cmp/e;
    %flag_get/vec4 4;
    %and;
T_0.5;
    %flag_set/vec4 8;
    %jmp/0xz  T_0.3, 8;
    %pushi/vec4 0, 0, 1;
    %store/vec4 v0000029bdc2f3360_0, 0, 1;
    %pushi/vec4 1, 0, 1;
    %store/vec4 v0000029bdc2f30e0_0, 0, 1;
    %jmp T_0.4;
T_0.3 ;
    %load/vec4 v0000029bdc4bdc70_0;
    %pad/u 32;
    %cmpi/e 0, 0, 32;
    %flag_get/vec4 4;
    %jmp/0 T_0.8, 4;
    %load/vec4 v0000029bdc4bdbd0_0;
    %pad/u 32;
    %pushi/vec4 0, 0, 32;
    %cmp/e;
    %flag_get/vec4 4;
    %and;
T_0.8;
    %flag_set/vec4 8;
    %jmp/0xz  T_0.6, 8;
    %load/vec4 v0000029bdc2f3360_0;
    %store/vec4 v0000029bdc2f3360_0, 0, 1;
    %load/vec4 v0000029bdc2f30e0_0;
    %store/vec4 v0000029bdc2f30e0_0, 0, 1;
T_0.6 ;
T_0.4 ;
T_0.1 ;
    %jmp T_0;
    .thread T_0, $push;
    .scope S_0000029bdc4bd8b0;
T_1 ;
    %vpi_call 2 11 "$dumpfile", "beh_rsff.vcd" {0 0 0};
    %vpi_call 2 12 "$dumpvars", 32'sb00000000000000000000000000000000, S_0000029bdc4bd8b0 {0 0 0};
    %pushi/vec4 0, 0, 1;
    %store/vec4 v0000029bdc4bb840_0, 0, 1;
    %pushi/vec4 0, 0, 1;
    %store/vec4 v0000029bdc4bb7a0_0, 0, 1;
    %delay 10, 0;
    %pushi/vec4 1, 0, 1;
    %store/vec4 v0000029bdc4bb840_0, 0, 1;
    %pushi/vec4 0, 0, 1;
    %store/vec4 v0000029bdc4bb7a0_0, 0, 1;
    %delay 10, 0;
    %pushi/vec4 0, 0, 1;
    %store/vec4 v0000029bdc4bb840_0, 0, 1;
    %pushi/vec4 0, 0, 1;
    %store/vec4 v0000029bdc4bb7a0_0, 0, 1;
    %delay 10, 0;
    %pushi/vec4 0, 0, 1;
    %store/vec4 v0000029bdc4bb840_0, 0, 1;
    %pushi/vec4 1, 0, 1;
    %store/vec4 v0000029bdc4bb7a0_0, 0, 1;
    %delay 10, 0;
    %pushi/vec4 0, 0, 1;
    %store/vec4 v0000029bdc4bb840_0, 0, 1;
    %pushi/vec4 0, 0, 1;
    %store/vec4 v0000029bdc4bb7a0_0, 0, 1;
    %delay 10, 0;
    %vpi_call 2 18 "$finish" {0 0 0};
    %end;
    .thread T_1;
# The file index is used to find the file name in the following table.
:file_names 4;
    "N/A";
    "<interactive>";
    "beh_rsff_tb.v";
    "beh_rsff.v";
