#! /c/Source/iverilog-install/bin/vvp
:ivl_version "12.0 (devel)" "(s20150603-1539-g2693dd32b)";
:ivl_delay_selection "TYPICAL";
:vpi_time_precision + 0;
:vpi_module "C:\iverilog\lib\ivl\system.vpi";
:vpi_module "C:\iverilog\lib\ivl\vhdl_sys.vpi";
:vpi_module "C:\iverilog\lib\ivl\vhdl_textio.vpi";
:vpi_module "C:\iverilog\lib\ivl\v2005_math.vpi";
:vpi_module "C:\iverilog\lib\ivl\va_math.vpi";
S_0000018c570f5c50 .scope module, "struct_rsff_tb" "struct_rsff_tb" 2 1;
 .timescale 0 0;
v0000018c570f5f70_0 .net "Q", 0 0, L_0000018c570c37a0;  1 drivers
v0000018c570f6010_0 .net "Qbar", 0 0, L_0000018c5713b980;  1 drivers
v0000018c5713b840_0 .var "R", 0 0;
v0000018c5713b8e0_0 .var "S", 0 0;
S_0000018c570f5de0 .scope module, "DUT" "rs_ff_struct" 2 6, 3 1 0, S_0000018c570f5c50;
 .timescale 0 0;
    .port_info 0 /INPUT 1 "S";
    .port_info 1 /INPUT 1 "R";
    .port_info 2 /OUTPUT 1 "Q";
    .port_info 3 /OUTPUT 1 "Qbar";
L_0000018c570c37a0 .functor NOR 1, v0000018c5713b840_0, L_0000018c5713b980, C4<0>, C4<0>;
L_0000018c5713b980 .functor NOR 1, v0000018c5713b8e0_0, L_0000018c570c37a0, C4<0>, C4<0>;
v0000018c570c3580_0 .net "Q", 0 0, L_0000018c570c37a0;  alias, 1 drivers
v0000018c570c3360_0 .net "Qbar", 0 0, L_0000018c5713b980;  alias, 1 drivers
v0000018c571dbd10_0 .net "R", 0 0, v0000018c5713b840_0;  1 drivers
v0000018c570c30e0_0 .net "S", 0 0, v0000018c5713b8e0_0;  1 drivers
    .scope S_0000018c570f5c50;
T_0 ;
    %vpi_call 2 11 "$dumpfile", "struct_rsff.vcd" {0 0 0};
    %vpi_call 2 12 "$dumpvars", 32'sb00000000000000000000000000000000, S_0000018c570f5c50 {0 0 0};
    %pushi/vec4 0, 0, 1;
    %store/vec4 v0000018c5713b8e0_0, 0, 1;
    %pushi/vec4 0, 0, 1;
    %store/vec4 v0000018c5713b840_0, 0, 1;
    %delay 10, 0;
    %pushi/vec4 1, 0, 1;
    %store/vec4 v0000018c5713b8e0_0, 0, 1;
    %pushi/vec4 0, 0, 1;
    %store/vec4 v0000018c5713b840_0, 0, 1;
    %delay 10, 0;
    %pushi/vec4 0, 0, 1;
    %store/vec4 v0000018c5713b8e0_0, 0, 1;
    %pushi/vec4 0, 0, 1;
    %store/vec4 v0000018c5713b840_0, 0, 1;
    %delay 10, 0;
    %pushi/vec4 0, 0, 1;
    %store/vec4 v0000018c5713b8e0_0, 0, 1;
    %pushi/vec4 1, 0, 1;
    %store/vec4 v0000018c5713b840_0, 0, 1;
    %delay 10, 0;
    %pushi/vec4 0, 0, 1;
    %store/vec4 v0000018c5713b8e0_0, 0, 1;
    %pushi/vec4 0, 0, 1;
    %store/vec4 v0000018c5713b840_0, 0, 1;
    %delay 10, 0;
    %vpi_call 2 18 "$finish" {0 0 0};
    %end;
    .thread T_0;
# The file index is used to find the file name in the following table.
:file_names 4;
    "N/A";
    "<interactive>";
    "struct_rsff_tb.v";
    "struct_rsff.v";
