#! /c/Source/iverilog-install/bin/vvp
:ivl_version "12.0 (devel)" "(s20150603-1539-g2693dd32b)";
:ivl_delay_selection "TYPICAL";
:vpi_time_precision + 0;
:vpi_module "C:\iverilog\lib\ivl\system.vpi";
:vpi_module "C:\iverilog\lib\ivl\vhdl_sys.vpi";
:vpi_module "C:\iverilog\lib\ivl\vhdl_textio.vpi";
:vpi_module "C:\iverilog\lib\ivl\v2005_math.vpi";
:vpi_module "C:\iverilog\lib\ivl\va_math.vpi";
S_000001a70d36b990 .scope module, "struct_basic_gates_tb" "struct_basic_gates_tb" 2 1;
 .timescale 0 0;
v000001a70d382d80_0 .var "a", 0 0;
v000001a70d382e20_0 .var "b", 0 0;
v000001a70d382ec0_0 .net "y_and", 0 0, L_000001a70d36bd50;  1 drivers
v000001a70d382f60_0 .net "y_not", 0 0, L_000001a70d3b6e50;  1 drivers
v000001a70d383000_0 .net "y_or", 0 0, L_000001a70d3b6050;  1 drivers
S_000001a70d36bb20 .scope module, "op1" "and_gate_struct" 2 6, 3 1 0, S_000001a70d36b990;
 .timescale 0 0;
    .port_info 0 /INPUT 1 "a";
    .port_info 1 /INPUT 1 "b";
    .port_info 2 /OUTPUT 1 "y";
L_000001a70d36bd50 .functor AND 1, v000001a70d382d80_0, v000001a70d382e20_0, C4<1>, C4<1>;
v000001a70d36b620_0 .net "a", 0 0, v000001a70d382d80_0;  1 drivers
v000001a70d383340_0 .net "b", 0 0, v000001a70d382e20_0;  1 drivers
v000001a70d383560_0 .net "y", 0 0, L_000001a70d36bd50;  alias, 1 drivers
S_000001a70d3b62a0 .scope module, "op2" "or_gate_struct" 2 7, 3 9 0, S_000001a70d36b990;
 .timescale 0 0;
    .port_info 0 /INPUT 1 "a";
    .port_info 1 /INPUT 1 "b";
    .port_info 2 /OUTPUT 1 "y";
L_000001a70d3b6050 .functor OR 1, v000001a70d382d80_0, v000001a70d382e20_0, C4<0>, C4<0>;
v000001a70d383780_0 .net "a", 0 0, v000001a70d382d80_0;  alias, 1 drivers
v000001a70d36bcb0_0 .net "b", 0 0, v000001a70d382e20_0;  alias, 1 drivers
v000001a70d3b6430_0 .net "y", 0 0, L_000001a70d3b6050;  alias, 1 drivers
S_000001a70d3b64d0 .scope module, "op3" "not_gate_struct" 2 8, 3 17 0, S_000001a70d36b990;
 .timescale 0 0;
    .port_info 0 /INPUT 1 "a";
    .port_info 1 /OUTPUT 1 "y";
L_000001a70d3b6e50 .functor NOT 1, v000001a70d382d80_0, C4<0>, C4<0>, C4<0>;
v000001a70d3b6660_0 .net "a", 0 0, v000001a70d382d80_0;  alias, 1 drivers
v000001a70d382ce0_0 .net "y", 0 0, L_000001a70d3b6e50;  alias, 1 drivers
    .scope S_000001a70d36b990;
T_0 ;
    %vpi_call 2 11 "$dumpfile", "struct_basic_gates.vcd" {0 0 0};
    %vpi_call 2 12 "$dumpvars", 32'sb00000000000000000000000000000000, S_000001a70d36b990 {0 0 0};
    %pushi/vec4 0, 0, 1;
    %store/vec4 v000001a70d382d80_0, 0, 1;
    %pushi/vec4 0, 0, 1;
    %store/vec4 v000001a70d382e20_0, 0, 1;
    %delay 10, 0;
    %pushi/vec4 0, 0, 1;
    %store/vec4 v000001a70d382d80_0, 0, 1;
    %pushi/vec4 1, 0, 1;
    %store/vec4 v000001a70d382e20_0, 0, 1;
    %delay 10, 0;
    %pushi/vec4 1, 0, 1;
    %store/vec4 v000001a70d382d80_0, 0, 1;
    %pushi/vec4 0, 0, 1;
    %store/vec4 v000001a70d382e20_0, 0, 1;
    %delay 10, 0;
    %pushi/vec4 1, 0, 1;
    %store/vec4 v000001a70d382d80_0, 0, 1;
    %pushi/vec4 1, 0, 1;
    %store/vec4 v000001a70d382e20_0, 0, 1;
    %delay 10, 0;
    %vpi_call 2 17 "$finish" {0 0 0};
    %end;
    .thread T_0;
# The file index is used to find the file name in the following table.
:file_names 4;
    "N/A";
    "<interactive>";
    "struct_basic_gates_tb.v";
    "struct_basic_gates.v";
