#! /c/Source/iverilog-install/bin/vvp
:ivl_version "12.0 (devel)" "(s20150603-1539-g2693dd32b)";
:ivl_delay_selection "TYPICAL";
:vpi_time_precision - 12;
:vpi_module "C:\iverilog\lib\ivl\system.vpi";
:vpi_module "C:\iverilog\lib\ivl\vhdl_sys.vpi";
:vpi_module "C:\iverilog\lib\ivl\vhdl_textio.vpi";
:vpi_module "C:\iverilog\lib\ivl\v2005_math.vpi";
:vpi_module "C:\iverilog\lib\ivl\va_math.vpi";
S_0000014971e09df0 .scope module, "sr_ff_tb" "sr_ff_tb" 2 3;
 .timescale -9 -12;
v0000014971e06600_0 .net "Q", 0 0, v0000014971e06560_0;  1 drivers
v0000014971e066a0_0 .var "R", 0 0;
v0000014971e06740_0 .var "S", 0 0;
v0000014971e040b0_0 .var "clk", 0 0;
S_0000014971e063d0 .scope module, "uut" "sr_ff" 2 8, 3 1 0, S_0000014971e09df0;
 .timescale -9 -12;
    .port_info 0 /INPUT 1 "S";
    .port_info 1 /INPUT 1 "R";
    .port_info 2 /INPUT 1 "clk";
    .port_info 3 /OUTPUT 1 "Q";
v0000014971e06560_0 .var "Q", 0 0;
v0000014971dd3140_0 .net "R", 0 0, v0000014971e066a0_0;  1 drivers
v0000014971dbc820_0 .net "S", 0 0, v0000014971e06740_0;  1 drivers
v0000014971dbc8c0_0 .net "clk", 0 0, v0000014971e040b0_0;  1 drivers
E_0000014971dbb5e0 .event posedge, v0000014971dbc8c0_0;
    .scope S_0000014971e063d0;
T_0 ;
    %wait E_0000014971dbb5e0;
    %load/vec4 v0000014971dbc820_0;
    %load/vec4 v0000014971dd3140_0;
    %concat/vec4; draw_concat_vec4
    %dup/vec4;
    %pushi/vec4 0, 0, 2;
    %cmp/u;
    %jmp/1 T_0.0, 6;
    %dup/vec4;
    %pushi/vec4 1, 0, 2;
    %cmp/u;
    %jmp/1 T_0.1, 6;
    %dup/vec4;
    %pushi/vec4 2, 0, 2;
    %cmp/u;
    %jmp/1 T_0.2, 6;
    %dup/vec4;
    %pushi/vec4 3, 0, 2;
    %cmp/u;
    %jmp/1 T_0.3, 6;
    %jmp T_0.4;
T_0.0 ;
    %load/vec4 v0000014971e06560_0;
    %assign/vec4 v0000014971e06560_0, 0;
    %jmp T_0.4;
T_0.1 ;
    %pushi/vec4 0, 0, 1;
    %assign/vec4 v0000014971e06560_0, 0;
    %jmp T_0.4;
T_0.2 ;
    %pushi/vec4 1, 0, 1;
    %assign/vec4 v0000014971e06560_0, 0;
    %jmp T_0.4;
T_0.3 ;
    %pushi/vec4 1, 1, 1;
    %assign/vec4 v0000014971e06560_0, 0;
    %jmp T_0.4;
T_0.4 ;
    %pop/vec4 1;
    %jmp T_0;
    .thread T_0;
    .scope S_0000014971e09df0;
T_1 ;
    %pushi/vec4 0, 0, 1;
    %store/vec4 v0000014971e040b0_0, 0, 1;
    %end;
    .thread T_1;
    .scope S_0000014971e09df0;
T_2 ;
    %delay 5000, 0;
    %load/vec4 v0000014971e040b0_0;
    %inv;
    %store/vec4 v0000014971e040b0_0, 0, 1;
    %jmp T_2;
    .thread T_2;
    .scope S_0000014971e09df0;
T_3 ;
    %vpi_call 2 14 "$dumpfile", "sr_ff.vcd" {0 0 0};
    %vpi_call 2 15 "$dumpvars", 32'sb00000000000000000000000000000000, S_0000014971e09df0 {0 0 0};
    %pushi/vec4 0, 0, 1;
    %store/vec4 v0000014971e06740_0, 0, 1;
    %pushi/vec4 0, 0, 1;
    %store/vec4 v0000014971e066a0_0, 0, 1;
    %delay 10000, 0;
    %pushi/vec4 1, 0, 1;
    %store/vec4 v0000014971e06740_0, 0, 1;
    %pushi/vec4 0, 0, 1;
    %store/vec4 v0000014971e066a0_0, 0, 1;
    %delay 10000, 0;
    %pushi/vec4 0, 0, 1;
    %store/vec4 v0000014971e06740_0, 0, 1;
    %pushi/vec4 1, 0, 1;
    %store/vec4 v0000014971e066a0_0, 0, 1;
    %delay 10000, 0;
    %pushi/vec4 0, 0, 1;
    %store/vec4 v0000014971e06740_0, 0, 1;
    %pushi/vec4 0, 0, 1;
    %store/vec4 v0000014971e066a0_0, 0, 1;
    %delay 10000, 0;
    %pushi/vec4 1, 0, 1;
    %store/vec4 v0000014971e06740_0, 0, 1;
    %pushi/vec4 1, 0, 1;
    %store/vec4 v0000014971e066a0_0, 0, 1;
    %delay 10000, 0;
    %delay 20000, 0;
    %vpi_call 2 21 "$finish" {0 0 0};
    %end;
    .thread T_3;
# The file index is used to find the file name in the following table.
:file_names 4;
    "N/A";
    "<interactive>";
    "./sr_ff_tb.v";
    "./sr_ff.v";
