#! /c/Source/iverilog-install/bin/vvp
:ivl_version "12.0 (devel)" "(s20150603-1539-g2693dd32b)";
:ivl_delay_selection "TYPICAL";
:vpi_time_precision + 0;
:vpi_module "C:\iverilog\lib\ivl\system.vpi";
:vpi_module "C:\iverilog\lib\ivl\vhdl_sys.vpi";
:vpi_module "C:\iverilog\lib\ivl\vhdl_textio.vpi";
:vpi_module "C:\iverilog\lib\ivl\v2005_math.vpi";
:vpi_module "C:\iverilog\lib\ivl\va_math.vpi";
S_00000194d8605010 .scope module, "nand_nor_tb" "nand_nor_tb" 2 1;
 .timescale 0 0;
v00000194d86026f0_0 .var "A", 0 0;
v00000194d8602790_0 .var "B", 0 0;
v00000194d8602830_0 .net "Y_nand_struct", 0 0, L_00000194d8606160;  1 drivers
v00000194d86028d0_0 .net "Y_nor_struct", 0 0, L_00000194d8602970;  1 drivers
S_00000194d86051a0 .scope module, "U2" "nand_struct" 2 9, 3 1 0, S_00000194d8605010;
 .timescale 0 0;
    .port_info 0 /INPUT 1 "A";
    .port_info 1 /INPUT 1 "B";
    .port_info 2 /OUTPUT 1 "Y";
L_00000194d8606160 .functor NAND 1, v00000194d86026f0_0, v00000194d8602790_0, C4<1>, C4<1>;
v00000194d8726a10_0 .net "A", 0 0, v00000194d86026f0_0;  1 drivers
v00000194d87267b0_0 .net "B", 0 0, v00000194d8602790_0;  1 drivers
v00000194d8726c30_0 .net "Y", 0 0, L_00000194d8606160;  alias, 1 drivers
S_00000194d872bc20 .scope module, "U4" "nor_struct" 2 11, 3 9 0, S_00000194d8605010;
 .timescale 0 0;
    .port_info 0 /INPUT 1 "A";
    .port_info 1 /INPUT 1 "B";
    .port_info 2 /OUTPUT 1 "Y";
L_00000194d8602970 .functor NOR 1, v00000194d86026f0_0, v00000194d8602790_0, C4<0>, C4<0>;
v00000194d8726e50_0 .net "A", 0 0, v00000194d86026f0_0;  alias, 1 drivers
v00000194d872bdb0_0 .net "B", 0 0, v00000194d8602790_0;  alias, 1 drivers
v00000194d872be50_0 .net "Y", 0 0, L_00000194d8602970;  alias, 1 drivers
    .scope S_00000194d8605010;
T_0 ;
    %vpi_call 2 14 "$dumpfile", "nand_nor.vcd" {0 0 0};
    %vpi_call 2 15 "$dumpvars", 32'sb00000000000000000000000000000000, S_00000194d8605010 {0 0 0};
    %pushi/vec4 0, 0, 1;
    %store/vec4 v00000194d86026f0_0, 0, 1;
    %pushi/vec4 0, 0, 1;
    %store/vec4 v00000194d8602790_0, 0, 1;
    %delay 10, 0;
    %pushi/vec4 0, 0, 1;
    %store/vec4 v00000194d86026f0_0, 0, 1;
    %pushi/vec4 1, 0, 1;
    %store/vec4 v00000194d8602790_0, 0, 1;
    %delay 10, 0;
    %pushi/vec4 1, 0, 1;
    %store/vec4 v00000194d86026f0_0, 0, 1;
    %pushi/vec4 0, 0, 1;
    %store/vec4 v00000194d8602790_0, 0, 1;
    %delay 10, 0;
    %pushi/vec4 1, 0, 1;
    %store/vec4 v00000194d86026f0_0, 0, 1;
    %pushi/vec4 1, 0, 1;
    %store/vec4 v00000194d8602790_0, 0, 1;
    %delay 10, 0;
    %vpi_call 2 23 "$finish" {0 0 0};
    %end;
    .thread T_0;
# The file index is used to find the file name in the following table.
:file_names 4;
    "N/A";
    "<interactive>";
    "nand_nor_tb.v";
    "nand_nor.v";
