#! /c/Source/iverilog-install/bin/vvp
:ivl_version "12.0 (devel)" "(s20150603-1539-g2693dd32b)";
:ivl_delay_selection "TYPICAL";
:vpi_time_precision + 0;
:vpi_module "C:\iverilog\lib\ivl\system.vpi";
:vpi_module "C:\iverilog\lib\ivl\vhdl_sys.vpi";
:vpi_module "C:\iverilog\lib\ivl\vhdl_textio.vpi";
:vpi_module "C:\iverilog\lib\ivl\v2005_math.vpi";
:vpi_module "C:\iverilog\lib\ivl\va_math.vpi";
S_00000182c6a1a3c0 .scope module, "hdl_decoder_2to4_tb" "hdl_decoder_2to4_tb" 2 1;
 .timescale 0 0;
v00000182c6a1c5e0_0 .var "D0", 0 0;
v00000182c6a1c680_0 .var "D1", 0 0;
v00000182c6a63f10_0 .net "Y0", 0 0, v00000182c6a1a550_0;  1 drivers
v00000182c6a63fb0_0 .net "Y1", 0 0, v00000182c6a1be00_0;  1 drivers
v00000182c6a64050_0 .net "Y2", 0 0, v00000182c6a1c4a0_0;  1 drivers
v00000182c6a640f0_0 .net "Y3", 0 0, v00000182c6a1c540_0;  1 drivers
S_00000182c6a1c310 .scope module, "op" "hdl_decoder_2to4" 2 6, 3 1 0, S_00000182c6a1a3c0;
 .timescale 0 0;
    .port_info 0 /INPUT 1 "D0";
    .port_info 1 /INPUT 1 "D1";
    .port_info 2 /OUTPUT 1 "Y0";
    .port_info 3 /OUTPUT 1 "Y1";
    .port_info 4 /OUTPUT 1 "Y2";
    .port_info 5 /OUTPUT 1 "Y3";
v00000182c6a16a10_0 .net "D0", 0 0, v00000182c6a1c5e0_0;  1 drivers
v00000182c6a167b0_0 .net "D1", 0 0, v00000182c6a1c680_0;  1 drivers
v00000182c6a1a550_0 .var "Y0", 0 0;
v00000182c6a1be00_0 .var "Y1", 0 0;
v00000182c6a1c4a0_0 .var "Y2", 0 0;
v00000182c6a1c540_0 .var "Y3", 0 0;
E_00000182c6a19930 .event anyedge, v00000182c6a16a10_0, v00000182c6a167b0_0;
    .scope S_00000182c6a1c310;
T_0 ;
    %wait E_00000182c6a19930;
    %pushi/vec4 0, 0, 1;
    %store/vec4 v00000182c6a1a550_0, 0, 1;
    %pushi/vec4 0, 0, 1;
    %store/vec4 v00000182c6a1be00_0, 0, 1;
    %pushi/vec4 0, 0, 1;
    %store/vec4 v00000182c6a1c4a0_0, 0, 1;
    %pushi/vec4 0, 0, 1;
    %store/vec4 v00000182c6a1c540_0, 0, 1;
    %load/vec4 v00000182c6a16a10_0;
    %load/vec4 v00000182c6a167b0_0;
    %concat/vec4; draw_concat_vec4
    %dup/vec4;
    %pushi/vec4 0, 0, 2;
    %cmp/u;
    %jmp/1 T_0.0, 6;
    %dup/vec4;
    %pushi/vec4 1, 0, 2;
    %cmp/u;
    %jmp/1 T_0.1, 6;
    %dup/vec4;
    %pushi/vec4 2, 0, 2;
    %cmp/u;
    %jmp/1 T_0.2, 6;
    %dup/vec4;
    %pushi/vec4 3, 0, 2;
    %cmp/u;
    %jmp/1 T_0.3, 6;
    %jmp T_0.4;
T_0.0 ;
    %pushi/vec4 1, 0, 1;
    %store/vec4 v00000182c6a1a550_0, 0, 1;
    %jmp T_0.4;
T_0.1 ;
    %pushi/vec4 1, 0, 1;
    %store/vec4 v00000182c6a1be00_0, 0, 1;
    %jmp T_0.4;
T_0.2 ;
    %pushi/vec4 1, 0, 1;
    %store/vec4 v00000182c6a1c4a0_0, 0, 1;
    %jmp T_0.4;
T_0.3 ;
    %pushi/vec4 1, 0, 1;
    %store/vec4 v00000182c6a1c540_0, 0, 1;
    %jmp T_0.4;
T_0.4 ;
    %pop/vec4 1;
    %jmp T_0;
    .thread T_0, $push;
    .scope S_00000182c6a1a3c0;
T_1 ;
    %vpi_call 2 12 "$dumpfile", "hdl_decoder_2to4.vcd" {0 0 0};
    %vpi_call 2 13 "$dumpvars", 32'sb00000000000000000000000000000000, S_00000182c6a1a3c0 {0 0 0};
    %pushi/vec4 0, 0, 1;
    %store/vec4 v00000182c6a1c5e0_0, 0, 1;
    %pushi/vec4 0, 0, 1;
    %store/vec4 v00000182c6a1c680_0, 0, 1;
    %delay 10, 0;
    %pushi/vec4 1, 0, 1;
    %store/vec4 v00000182c6a1c680_0, 0, 1;
    %delay 10, 0;
    %pushi/vec4 1, 0, 1;
    %store/vec4 v00000182c6a1c5e0_0, 0, 1;
    %pushi/vec4 0, 0, 1;
    %store/vec4 v00000182c6a1c680_0, 0, 1;
    %delay 10, 0;
    %pushi/vec4 1, 0, 1;
    %store/vec4 v00000182c6a1c680_0, 0, 1;
    %delay 10, 0;
    %vpi_call 2 19 "$finish" {0 0 0};
    %end;
    .thread T_1;
# The file index is used to find the file name in the following table.
:file_names 4;
    "N/A";
    "<interactive>";
    "hdl_decoder_2to4_tb.v";
    "hdl_decoder_2to4.v";
