#! /c/Source/iverilog-install/bin/vvp
:ivl_version "12.0 (devel)" "(s20150603-1539-g2693dd32b)";
:ivl_delay_selection "TYPICAL";
:vpi_time_precision - 12;
:vpi_module "C:\iverilog\lib\ivl\system.vpi";
:vpi_module "C:\iverilog\lib\ivl\vhdl_sys.vpi";
:vpi_module "C:\iverilog\lib\ivl\vhdl_textio.vpi";
:vpi_module "C:\iverilog\lib\ivl\v2005_math.vpi";
:vpi_module "C:\iverilog\lib\ivl\va_math.vpi";
S_0000019a43935d20 .scope module, "half_adder_tb" "half_adder_tb" 2 4;
 .timescale -9 -12;
v0000019a43aac8d0_0 .var "A", 0 0;
v0000019a43936040_0 .var "B", 0 0;
v0000019a439360e0_0 .net "Carry", 0 0, L_0000019a439033c0;  1 drivers
v0000019a4397c840_0 .net "Sum", 0 0, L_0000019a43aa8c80;  1 drivers
S_0000019a43935eb0 .scope module, "uut" "half_adder" 2 9, 3 1 0, S_0000019a43935d20;
 .timescale -9 -12;
    .port_info 0 /INPUT 1 "A";
    .port_info 1 /INPUT 1 "B";
    .port_info 2 /OUTPUT 1 "Sum";
    .port_info 3 /OUTPUT 1 "Carry";
L_0000019a43aa8c80 .functor XOR 1, v0000019a43aac8d0_0, v0000019a43936040_0, C4<0>, C4<0>;
L_0000019a439033c0 .functor AND 1, v0000019a43aac8d0_0, v0000019a43936040_0, C4<1>, C4<1>;
v0000019a439035e0_0 .net "A", 0 0, v0000019a43aac8d0_0;  1 drivers
v0000019a43aaa630_0 .net "B", 0 0, v0000019a43936040_0;  1 drivers
v0000019a43903140_0 .net "Carry", 0 0, L_0000019a439033c0;  alias, 1 drivers
v0000019a43aa8be0_0 .net "Sum", 0 0, L_0000019a43aa8c80;  alias, 1 drivers
    .scope S_0000019a43935d20;
T_0 ;
    %vpi_call 2 12 "$dumpfile", "half_adder.vcd" {0 0 0};
    %vpi_call 2 13 "$dumpvars", 32'sb00000000000000000000000000000000, S_0000019a43935d20 {0 0 0};
    %pushi/vec4 0, 0, 1;
    %store/vec4 v0000019a43aac8d0_0, 0, 1;
    %pushi/vec4 0, 0, 1;
    %store/vec4 v0000019a43936040_0, 0, 1;
    %delay 10000, 0;
    %pushi/vec4 0, 0, 1;
    %store/vec4 v0000019a43aac8d0_0, 0, 1;
    %pushi/vec4 1, 0, 1;
    %store/vec4 v0000019a43936040_0, 0, 1;
    %delay 10000, 0;
    %pushi/vec4 1, 0, 1;
    %store/vec4 v0000019a43aac8d0_0, 0, 1;
    %pushi/vec4 0, 0, 1;
    %store/vec4 v0000019a43936040_0, 0, 1;
    %delay 10000, 0;
    %pushi/vec4 1, 0, 1;
    %store/vec4 v0000019a43aac8d0_0, 0, 1;
    %pushi/vec4 1, 0, 1;
    %store/vec4 v0000019a43936040_0, 0, 1;
    %delay 10000, 0;
    %delay 20000, 0;
    %vpi_call 2 18 "$finish" {0 0 0};
    %end;
    .thread T_0;
# The file index is used to find the file name in the following table.
:file_names 4;
    "N/A";
    "<interactive>";
    "./half_adder_tb.v";
    "./half_adder.v";
