#! /c/Source/iverilog-install/bin/vvp
:ivl_version "12.0 (devel)" "(s20150603-1539-g2693dd32b)";
:ivl_delay_selection "TYPICAL";
:vpi_time_precision + 0;
:vpi_module "C:\iverilog\lib\ivl\system.vpi";
:vpi_module "C:\iverilog\lib\ivl\vhdl_sys.vpi";
:vpi_module "C:\iverilog\lib\ivl\vhdl_textio.vpi";
:vpi_module "C:\iverilog\lib\ivl\v2005_math.vpi";
:vpi_module "C:\iverilog\lib\ivl\va_math.vpi";
S_000001aef5ac6290 .scope module, "beh_up_counter_tb" "beh_up_counter_tb" 2 1;
 .timescale 0 0;
v000001aef5ac65b0_0 .net "Q", 2 0, v000001aef5a93360_0;  1 drivers
v000001aef5ac6650_0 .var "clk", 0 0;
S_000001aef5ac6420 .scope module, "op" "up_counter_3bit_beh" 2 6, 3 1 0, S_000001aef5ac6290;
 .timescale 0 0;
    .port_info 0 /INPUT 1 "clk";
    .port_info 1 /INPUT 1 "reset";
    .port_info 2 /OUTPUT 3 "Q";
v000001aef5a93360_0 .var "Q", 2 0;
v000001aef5a930e0_0 .net "clk", 0 0, v000001aef5ac6650_0;  1 drivers
o000001aef5ac7038 .functor BUFZ 1, C4<z>; HiZ drive
v000001aef5a93580_0 .net "reset", 0 0, o000001aef5ac7038;  0 drivers
E_000001aef5a7cca0 .event posedge, v000001aef5a93580_0, v000001aef5a930e0_0;
    .scope S_000001aef5ac6420;
T_0 ;
    %pushi/vec4 0, 0, 3;
    %store/vec4 v000001aef5a93360_0, 0, 3;
    %end;
    .thread T_0;
    .scope S_000001aef5ac6420;
T_1 ;
    %wait E_000001aef5a7cca0;
    %load/vec4 v000001aef5a93580_0;
    %flag_set/vec4 8;
    %jmp/0xz  T_1.0, 8;
    %pushi/vec4 0, 0, 3;
    %assign/vec4 v000001aef5a93360_0, 0;
    %jmp T_1.1;
T_1.0 ;
    %load/vec4 v000001aef5a93360_0;
    %addi 1, 0, 3;
    %assign/vec4 v000001aef5a93360_0, 0;
T_1.1 ;
    %jmp T_1;
    .thread T_1;
    .scope S_000001aef5ac6290;
T_2 ;
    %delay 5, 0;
    %load/vec4 v000001aef5ac6650_0;
    %inv;
    %store/vec4 v000001aef5ac6650_0, 0, 1;
    %jmp T_2;
    .thread T_2;
    .scope S_000001aef5ac6290;
T_3 ;
    %vpi_call 2 12 "$dumpfile", "beh_up_counter.vcd" {0 0 0};
    %vpi_call 2 13 "$dumpvars", 32'sb00000000000000000000000000000000, S_000001aef5ac6290 {0 0 0};
    %pushi/vec4 0, 0, 1;
    %store/vec4 v000001aef5ac6650_0, 0, 1;
    %delay 80, 0;
    %vpi_call 2 15 "$finish" {0 0 0};
    %end;
    .thread T_3;
# The file index is used to find the file name in the following table.
:file_names 4;
    "N/A";
    "<interactive>";
    "beh_up_counter_tb.v";
    "beh_up_counter.v";
