#! /c/Source/iverilog-install/bin/vvp
:ivl_version "12.0 (devel)" "(s20150603-1539-g2693dd32b)";
:ivl_delay_selection "TYPICAL";
:vpi_time_precision + 0;
:vpi_module "C:\iverilog\lib\ivl\system.vpi";
:vpi_module "C:\iverilog\lib\ivl\vhdl_sys.vpi";
:vpi_module "C:\iverilog\lib\ivl\vhdl_textio.vpi";
:vpi_module "C:\iverilog\lib\ivl\v2005_math.vpi";
:vpi_module "C:\iverilog\lib\ivl\va_math.vpi";
S_000002d8ee8277e0 .scope module, "strcut_up_counter_tb" "strcut_up_counter_tb" 2 1;
 .timescale 0 0;
v000002d8ee883cf0_0 .net "Q", 2 0, L_000002d8ee883d90;  1 drivers
v000002d8ee883930_0 .var "clk", 0 0;
S_000002d8ee7ed6e0 .scope module, "op" "up_counter_3bit_struct" 2 6, 3 1 0, S_000002d8ee8277e0;
 .timescale 0 0;
    .port_info 0 /INPUT 1 "clk";
    .port_info 1 /OUTPUT 3 "Q";
L_000002d8ee7ebea0 .functor AND 1, v000002d8ee7eda00_0, v000002d8ee7e6680_0, C4<1>, C4<1>;
L_000002d8ee836940 .functor AND 1, v000002d8ee7eda00_0, v000002d8ee7e6680_0, C4<1>, C4<1>;
v000002d8ee883a70_0 .net "Q", 2 0, L_000002d8ee883d90;  alias, 1 drivers
v000002d8ee883b10_0 .net "clk", 0 0, v000002d8ee883930_0;  1 drivers
v000002d8ee883430_0 .net "q0", 0 0, v000002d8ee7eda00_0;  1 drivers
v000002d8ee883ed0_0 .net "q1", 0 0, v000002d8ee7e6680_0;  1 drivers
v000002d8ee883c50_0 .net "q2", 0 0, v000002d8ee8337b0_0;  1 drivers
L_000002d8ee883d90 .concat [ 1 1 1 0], v000002d8ee7eda00_0, v000002d8ee7e6680_0, v000002d8ee8337b0_0;
S_000002d8ee7ed870 .scope module, "FF0" "jk_ff" 3 9, 4 1 0, S_000002d8ee7ed6e0;
 .timescale 0 0;
    .port_info 0 /INPUT 1 "J";
    .port_info 1 /INPUT 1 "K";
    .port_info 2 /INPUT 1 "clk";
    .port_info 3 /OUTPUT 1 "Q";
L_000002d8ee884038 .functor BUFT 1, C4<1>, C4<0>, C4<0>, C4<0>;
v000002d8ee7e6a10_0 .net "J", 0 0, L_000002d8ee884038;  1 drivers
L_000002d8ee884080 .functor BUFT 1, C4<1>, C4<0>, C4<0>, C4<0>;
v000002d8ee7ebe00_0 .net "K", 0 0, L_000002d8ee884080;  1 drivers
v000002d8ee7eda00_0 .var "Q", 0 0;
v000002d8ee7edaa0_0 .net "clk", 0 0, v000002d8ee883930_0;  alias, 1 drivers
E_000002d8ee7e9810 .event posedge, v000002d8ee7edaa0_0;
S_000002d8ee7e63b0 .scope module, "FF1" "jk_ff" 3 12, 4 1 0, S_000002d8ee7ed6e0;
 .timescale 0 0;
    .port_info 0 /INPUT 1 "J";
    .port_info 1 /INPUT 1 "K";
    .port_info 2 /INPUT 1 "clk";
    .port_info 3 /OUTPUT 1 "Q";
v000002d8ee7e6540_0 .net "J", 0 0, v000002d8ee7eda00_0;  alias, 1 drivers
v000002d8ee7e65e0_0 .net "K", 0 0, v000002d8ee7eda00_0;  alias, 1 drivers
v000002d8ee7e6680_0 .var "Q", 0 0;
v000002d8ee7e6720_0 .net "clk", 0 0, v000002d8ee883930_0;  alias, 1 drivers
S_000002d8ee8334e0 .scope module, "FF2" "jk_ff" 3 13, 4 1 0, S_000002d8ee7ed6e0;
 .timescale 0 0;
    .port_info 0 /INPUT 1 "J";
    .port_info 1 /INPUT 1 "K";
    .port_info 2 /INPUT 1 "clk";
    .port_info 3 /OUTPUT 1 "Q";
v000002d8ee833670_0 .net "J", 0 0, L_000002d8ee7ebea0;  1 drivers
v000002d8ee833710_0 .net "K", 0 0, L_000002d8ee836940;  1 drivers
v000002d8ee8337b0_0 .var "Q", 0 0;
v000002d8ee833850_0 .net "clk", 0 0, v000002d8ee883930_0;  alias, 1 drivers
    .scope S_000002d8ee7ed870;
T_0 ;
    %pushi/vec4 0, 0, 1;
    %store/vec4 v000002d8ee7eda00_0, 0, 1;
    %end;
    .thread T_0;
    .scope S_000002d8ee7ed870;
T_1 ;
    %wait E_000002d8ee7e9810;
    %load/vec4 v000002d8ee7e6a10_0;
    %load/vec4 v000002d8ee7ebe00_0;
    %concat/vec4; draw_concat_vec4
    %dup/vec4;
    %pushi/vec4 0, 0, 2;
    %cmp/u;
    %jmp/1 T_1.0, 6;
    %dup/vec4;
    %pushi/vec4 1, 0, 2;
    %cmp/u;
    %jmp/1 T_1.1, 6;
    %dup/vec4;
    %pushi/vec4 2, 0, 2;
    %cmp/u;
    %jmp/1 T_1.2, 6;
    %dup/vec4;
    %pushi/vec4 3, 0, 2;
    %cmp/u;
    %jmp/1 T_1.3, 6;
    %jmp T_1.4;
T_1.0 ;
    %load/vec4 v000002d8ee7eda00_0;
    %assign/vec4 v000002d8ee7eda00_0, 0;
    %jmp T_1.4;
T_1.1 ;
    %pushi/vec4 0, 0, 1;
    %assign/vec4 v000002d8ee7eda00_0, 0;
    %jmp T_1.4;
T_1.2 ;
    %pushi/vec4 1, 0, 1;
    %assign/vec4 v000002d8ee7eda00_0, 0;
    %jmp T_1.4;
T_1.3 ;
    %load/vec4 v000002d8ee7eda00_0;
    %inv;
    %assign/vec4 v000002d8ee7eda00_0, 0;
    %jmp T_1.4;
T_1.4 ;
    %pop/vec4 1;
    %jmp T_1;
    .thread T_1;
    .scope S_000002d8ee7e63b0;
T_2 ;
    %pushi/vec4 0, 0, 1;
    %store/vec4 v000002d8ee7e6680_0, 0, 1;
    %end;
    .thread T_2;
    .scope S_000002d8ee7e63b0;
T_3 ;
    %wait E_000002d8ee7e9810;
    %load/vec4 v000002d8ee7e6540_0;
    %load/vec4 v000002d8ee7e65e0_0;
    %concat/vec4; draw_concat_vec4
    %dup/vec4;
    %pushi/vec4 0, 0, 2;
    %cmp/u;
    %jmp/1 T_3.0, 6;
    %dup/vec4;
    %pushi/vec4 1, 0, 2;
    %cmp/u;
    %jmp/1 T_3.1, 6;
    %dup/vec4;
    %pushi/vec4 2, 0, 2;
    %cmp/u;
    %jmp/1 T_3.2, 6;
    %dup/vec4;
    %pushi/vec4 3, 0, 2;
    %cmp/u;
    %jmp/1 T_3.3, 6;
    %jmp T_3.4;
T_3.0 ;
    %load/vec4 v000002d8ee7e6680_0;
    %assign/vec4 v000002d8ee7e6680_0, 0;
    %jmp T_3.4;
T_3.1 ;
    %pushi/vec4 0, 0, 1;
    %assign/vec4 v000002d8ee7e6680_0, 0;
    %jmp T_3.4;
T_3.2 ;
    %pushi/vec4 1, 0, 1;
    %assign/vec4 v000002d8ee7e6680_0, 0;
    %jmp T_3.4;
T_3.3 ;
    %load/vec4 v000002d8ee7e6680_0;
    %inv;
    %assign/vec4 v000002d8ee7e6680_0, 0;
    %jmp T_3.4;
T_3.4 ;
    %pop/vec4 1;
    %jmp T_3;
    .thread T_3;
    .scope S_000002d8ee8334e0;
T_4 ;
    %pushi/vec4 0, 0, 1;
    %store/vec4 v000002d8ee8337b0_0, 0, 1;
    %end;
    .thread T_4;
    .scope S_000002d8ee8334e0;
T_5 ;
    %wait E_000002d8ee7e9810;
    %load/vec4 v000002d8ee833670_0;
    %load/vec4 v000002d8ee833710_0;
    %concat/vec4; draw_concat_vec4
    %dup/vec4;
    %pushi/vec4 0, 0, 2;
    %cmp/u;
    %jmp/1 T_5.0, 6;
    %dup/vec4;
    %pushi/vec4 1, 0, 2;
    %cmp/u;
    %jmp/1 T_5.1, 6;
    %dup/vec4;
    %pushi/vec4 2, 0, 2;
    %cmp/u;
    %jmp/1 T_5.2, 6;
    %dup/vec4;
    %pushi/vec4 3, 0, 2;
    %cmp/u;
    %jmp/1 T_5.3, 6;
    %jmp T_5.4;
T_5.0 ;
    %load/vec4 v000002d8ee8337b0_0;
    %assign/vec4 v000002d8ee8337b0_0, 0;
    %jmp T_5.4;
T_5.1 ;
    %pushi/vec4 0, 0, 1;
    %assign/vec4 v000002d8ee8337b0_0, 0;
    %jmp T_5.4;
T_5.2 ;
    %pushi/vec4 1, 0, 1;
    %assign/vec4 v000002d8ee8337b0_0, 0;
    %jmp T_5.4;
T_5.3 ;
    %load/vec4 v000002d8ee8337b0_0;
    %inv;
    %assign/vec4 v000002d8ee8337b0_0, 0;
    %jmp T_5.4;
T_5.4 ;
    %pop/vec4 1;
    %jmp T_5;
    .thread T_5;
    .scope S_000002d8ee8277e0;
T_6 ;
    %delay 5, 0;
    %load/vec4 v000002d8ee883930_0;
    %inv;
    %store/vec4 v000002d8ee883930_0, 0, 1;
    %jmp T_6;
    .thread T_6;
    .scope S_000002d8ee8277e0;
T_7 ;
    %vpi_call 2 12 "$dumpfile", "struct_up_counter.vcd" {0 0 0};
    %vpi_call 2 13 "$dumpvars", 32'sb00000000000000000000000000000000, S_000002d8ee8277e0 {0 0 0};
    %pushi/vec4 0, 0, 1;
    %store/vec4 v000002d8ee883930_0, 0, 1;
    %delay 80, 0;
    %vpi_call 2 15 "$finish" {0 0 0};
    %end;
    .thread T_7;
# The file index is used to find the file name in the following table.
:file_names 5;
    "N/A";
    "<interactive>";
    "struct_up_counter_tb.v";
    "struct_up_counter.v";
    "struct_jkff.v";
