#! /c/Source/iverilog-install/bin/vvp
:ivl_version "12.0 (devel)" "(s20150603-1539-g2693dd32b)";
:ivl_delay_selection "TYPICAL";
:vpi_time_precision - 12;
:vpi_module "C:\iverilog\lib\ivl\system.vpi";
:vpi_module "C:\iverilog\lib\ivl\vhdl_sys.vpi";
:vpi_module "C:\iverilog\lib\ivl\vhdl_textio.vpi";
:vpi_module "C:\iverilog\lib\ivl\v2005_math.vpi";
:vpi_module "C:\iverilog\lib\ivl\va_math.vpi";
S_0000028a5f405bb0 .scope module, "mux2to1_tb" "mux2to1_tb" 2 5;
 .timescale -9 -12;
v0000028a5f4c99d0_0 .var "in0", 3 0;
v0000028a5f405ed0_0 .var "in1", 3 0;
v0000028a5f405f70_0 .net "out", 3 0, L_0000028a5f403d90;  1 drivers
v0000028a5f403cf0_0 .var "sel", 0 0;
S_0000028a5f405d40 .scope module, "uut" "mux2to1" 2 10, 3 2 0, S_0000028a5f405bb0;
 .timescale -9 -12;
    .port_info 0 /INPUT 1 "sel";
    .port_info 1 /INPUT 4 "in0";
    .port_info 2 /INPUT 4 "in1";
    .port_info 3 /OUTPUT 4 "out";
v0000028a5f3d3380_0 .net "in0", 3 0, v0000028a5f4c99d0_0;  1 drivers
v0000028a5f3d3120_0 .net "in1", 3 0, v0000028a5f405ed0_0;  1 drivers
v0000028a5f3d3710_0 .net "out", 3 0, L_0000028a5f403d90;  alias, 1 drivers
v0000028a5f4cbcf0_0 .net "sel", 0 0, v0000028a5f403cf0_0;  1 drivers
L_0000028a5f403d90 .functor MUXZ 4, v0000028a5f4c99d0_0, v0000028a5f405ed0_0, v0000028a5f403cf0_0, C4<>;
    .scope S_0000028a5f405bb0;
T_0 ;
    %vpi_call 2 13 "$dumpfile", "mux.vcd" {0 0 0};
    %vpi_call 2 14 "$dumpvars", 32'sb00000000000000000000000000000000, S_0000028a5f405bb0 {0 0 0};
    %pushi/vec4 10, 0, 4;
    %store/vec4 v0000028a5f4c99d0_0, 0, 4;
    %pushi/vec4 5, 0, 4;
    %store/vec4 v0000028a5f405ed0_0, 0, 4;
    %pushi/vec4 0, 0, 1;
    %store/vec4 v0000028a5f403cf0_0, 0, 1;
    %delay 10000, 0;
    %pushi/vec4 1, 0, 1;
    %store/vec4 v0000028a5f403cf0_0, 0, 1;
    %delay 10000, 0;
    %pushi/vec4 3, 0, 4;
    %store/vec4 v0000028a5f4c99d0_0, 0, 4;
    %pushi/vec4 12, 0, 4;
    %store/vec4 v0000028a5f405ed0_0, 0, 4;
    %pushi/vec4 0, 0, 1;
    %store/vec4 v0000028a5f403cf0_0, 0, 1;
    %delay 10000, 0;
    %pushi/vec4 1, 0, 1;
    %store/vec4 v0000028a5f403cf0_0, 0, 1;
    %delay 10000, 0;
    %vpi_call 2 21 "$finish" {0 0 0};
    %end;
    .thread T_0;
# The file index is used to find the file name in the following table.
:file_names 4;
    "N/A";
    "<interactive>";
    "mux_tb.v";
    "./mux.v";
