#! /c/Source/iverilog-install/bin/vvp
:ivl_version "12.0 (devel)" "(s20150603-1539-g2693dd32b)";
:ivl_delay_selection "TYPICAL";
:vpi_time_precision - 12;
:vpi_module "C:\iverilog\lib\ivl\system.vpi";
:vpi_module "C:\iverilog\lib\ivl\vhdl_sys.vpi";
:vpi_module "C:\iverilog\lib\ivl\vhdl_textio.vpi";
:vpi_module "C:\iverilog\lib\ivl\v2005_math.vpi";
:vpi_module "C:\iverilog\lib\ivl\va_math.vpi";
S_00000233a0935550 .scope module, "nor_gate_tb" "nor_gate_tb" 2 4;
 .timescale -9 -12;
v00000233a0a2bcf0_0 .var "a", 0 0;
v00000233a0a2bd90_0 .var "b", 0 0;
v00000233a0a2be30_0 .net "y", 0 0, L_00000233a09034a0;  1 drivers
S_00000233a09356e0 .scope module, "uut" "nor_gate" 2 8, 3 1 0, S_00000233a0935550;
 .timescale -9 -12;
    .port_info 0 /INPUT 1 "a";
    .port_info 1 /INPUT 1 "b";
    .port_info 2 /OUTPUT 1 "y";
L_00000233a0903340 .functor OR 1, v00000233a0a2bcf0_0, v00000233a0a2bd90_0, C4<0>, C4<0>;
L_00000233a09034a0 .functor NOT 1, L_00000233a0903340, C4<0>, C4<0>, C4<0>;
v00000233a0a28690_0 .net *"_ivl_0", 0 0, L_00000233a0903340;  1 drivers
v00000233a0902f40_0 .net "a", 0 0, v00000233a0a2bcf0_0;  1 drivers
v00000233a0935870_0 .net "b", 0 0, v00000233a0a2bd90_0;  1 drivers
v00000233a0935910_0 .net "y", 0 0, L_00000233a09034a0;  alias, 1 drivers
    .scope S_00000233a0935550;
T_0 ;
    %vpi_call 2 11 "$dumpfile", "nor.vcd" {0 0 0};
    %vpi_call 2 12 "$dumpvars", 32'sb00000000000000000000000000000000, S_00000233a0935550 {0 0 0};
    %pushi/vec4 0, 0, 1;
    %store/vec4 v00000233a0a2bcf0_0, 0, 1;
    %pushi/vec4 0, 0, 1;
    %store/vec4 v00000233a0a2bd90_0, 0, 1;
    %delay 10000, 0;
    %pushi/vec4 0, 0, 1;
    %store/vec4 v00000233a0a2bd90_0, 0, 1;
    %pushi/vec4 1, 0, 1;
    %store/vec4 v00000233a0a2bd90_0, 0, 1;
    %delay 10000, 0;
    %pushi/vec4 1, 0, 1;
    %store/vec4 v00000233a0a2bcf0_0, 0, 1;
    %pushi/vec4 0, 0, 1;
    %store/vec4 v00000233a0a2bd90_0, 0, 1;
    %delay 10000, 0;
    %pushi/vec4 1, 0, 1;
    %store/vec4 v00000233a0a2bd90_0, 0, 1;
    %pushi/vec4 1, 0, 1;
    %store/vec4 v00000233a0a2bd90_0, 0, 1;
    %delay 10000, 0;
    %vpi_call 2 21 "$finish" {0 0 0};
    %end;
    .thread T_0;
# The file index is used to find the file name in the following table.
:file_names 4;
    "N/A";
    "<interactive>";
    "nor_tb.v";
    "./nor.v";
