#! /c/Source/iverilog-install/bin/vvp
:ivl_version "12.0 (devel)" "(s20150603-1539-g2693dd32b)";
:ivl_delay_selection "TYPICAL";
:vpi_time_precision + 0;
:vpi_module "C:\iverilog\lib\ivl\system.vpi";
:vpi_module "C:\iverilog\lib\ivl\vhdl_sys.vpi";
:vpi_module "C:\iverilog\lib\ivl\vhdl_textio.vpi";
:vpi_module "C:\iverilog\lib\ivl\v2005_math.vpi";
:vpi_module "C:\iverilog\lib\ivl\va_math.vpi";
S_000001d36b49bc00 .scope module, "beh_jkff_tb" "beh_jkff_tb" 2 1;
 .timescale 0 0;
v000001d36b4f2c70_0 .var "J", 0 0;
v000001d36b4f2d10_0 .var "K", 0 0;
v000001d36b4f2db0_0 .net "Q", 0 0, v000001d36b49a950_0;  1 drivers
v000001d36b4f2e50_0 .net "Qbar", 0 0, v000001d36b4f2b30_0;  1 drivers
v000001d36b4f2ef0_0 .var "clk", 0 0;
S_000001d36b49bd90 .scope module, "op" "jk_ff_beh" 2 6, 3 1 0, S_000001d36b49bc00;
 .timescale 0 0;
    .port_info 0 /INPUT 1 "J";
    .port_info 1 /INPUT 1 "K";
    .port_info 2 /INPUT 1 "clk";
    .port_info 3 /OUTPUT 1 "Q";
    .port_info 4 /OUTPUT 1 "Qbar";
v000001d36b4f3380_0 .net "J", 0 0, v000001d36b4f2c70_0;  1 drivers
v000001d36b49bf20_0 .net "K", 0 0, v000001d36b4f2d10_0;  1 drivers
v000001d36b49a950_0 .var "Q", 0 0;
v000001d36b4f2b30_0 .var "Qbar", 0 0;
v000001d36b4f2bd0_0 .net "clk", 0 0, v000001d36b4f2ef0_0;  1 drivers
E_000001d36b498aa0 .event posedge, v000001d36b4f2bd0_0;
    .scope S_000001d36b49bd90;
T_0 ;
    %pushi/vec4 0, 0, 1;
    %store/vec4 v000001d36b49a950_0, 0, 1;
    %pushi/vec4 1, 0, 1;
    %store/vec4 v000001d36b4f2b30_0, 0, 1;
    %end;
    .thread T_0;
    .scope S_000001d36b49bd90;
T_1 ;
    %wait E_000001d36b498aa0;
    %load/vec4 v000001d36b4f3380_0;
    %load/vec4 v000001d36b49bf20_0;
    %concat/vec4; draw_concat_vec4
    %dup/vec4;
    %pushi/vec4 0, 0, 2;
    %cmp/u;
    %jmp/1 T_1.0, 6;
    %dup/vec4;
    %pushi/vec4 1, 0, 2;
    %cmp/u;
    %jmp/1 T_1.1, 6;
    %dup/vec4;
    %pushi/vec4 2, 0, 2;
    %cmp/u;
    %jmp/1 T_1.2, 6;
    %dup/vec4;
    %pushi/vec4 3, 0, 2;
    %cmp/u;
    %jmp/1 T_1.3, 6;
    %jmp T_1.4;
T_1.0 ;
    %load/vec4 v000001d36b49a950_0;
    %assign/vec4 v000001d36b49a950_0, 0;
    %load/vec4 v000001d36b4f2b30_0;
    %assign/vec4 v000001d36b4f2b30_0, 0;
    %jmp T_1.4;
T_1.1 ;
    %pushi/vec4 0, 0, 1;
    %assign/vec4 v000001d36b49a950_0, 0;
    %pushi/vec4 1, 0, 1;
    %assign/vec4 v000001d36b4f2b30_0, 0;
    %jmp T_1.4;
T_1.2 ;
    %pushi/vec4 1, 0, 1;
    %assign/vec4 v000001d36b49a950_0, 0;
    %pushi/vec4 0, 0, 1;
    %assign/vec4 v000001d36b4f2b30_0, 0;
    %jmp T_1.4;
T_1.3 ;
    %load/vec4 v000001d36b49a950_0;
    %inv;
    %assign/vec4 v000001d36b49a950_0, 0;
    %load/vec4 v000001d36b4f2b30_0;
    %inv;
    %assign/vec4 v000001d36b4f2b30_0, 0;
    %jmp T_1.4;
T_1.4 ;
    %pop/vec4 1;
    %jmp T_1;
    .thread T_1;
    .scope S_000001d36b49bc00;
T_2 ;
    %delay 5, 0;
    %load/vec4 v000001d36b4f2ef0_0;
    %inv;
    %store/vec4 v000001d36b4f2ef0_0, 0, 1;
    %jmp T_2;
    .thread T_2;
    .scope S_000001d36b49bc00;
T_3 ;
    %end;
    .thread T_3;
    .scope S_000001d36b49bc00;
T_4 ;
    %vpi_call 2 19 "$dumpfile", "beh_jkff.vcd" {0 0 0};
    %vpi_call 2 20 "$dumpvars", 32'sb00000000000000000000000000000000, S_000001d36b49bc00 {0 0 0};
    %pushi/vec4 0, 0, 1;
    %store/vec4 v000001d36b4f2ef0_0, 0, 1;
    %pushi/vec4 0, 0, 1;
    %store/vec4 v000001d36b4f2c70_0, 0, 1;
    %pushi/vec4 0, 0, 1;
    %store/vec4 v000001d36b4f2d10_0, 0, 1;
    %delay 10, 0;
    %pushi/vec4 0, 0, 1;
    %store/vec4 v000001d36b4f2c70_0, 0, 1;
    %pushi/vec4 1, 0, 1;
    %store/vec4 v000001d36b4f2d10_0, 0, 1;
    %delay 10, 0;
    %pushi/vec4 1, 0, 1;
    %store/vec4 v000001d36b4f2c70_0, 0, 1;
    %pushi/vec4 0, 0, 1;
    %store/vec4 v000001d36b4f2d10_0, 0, 1;
    %delay 10, 0;
    %pushi/vec4 1, 0, 1;
    %store/vec4 v000001d36b4f2c70_0, 0, 1;
    %pushi/vec4 1, 0, 1;
    %store/vec4 v000001d36b4f2d10_0, 0, 1;
    %delay 20, 0;
    %vpi_call 2 27 "$finish" {0 0 0};
    %end;
    .thread T_4;
# The file index is used to find the file name in the following table.
:file_names 4;
    "N/A";
    "<interactive>";
    ".\beh_jkff_tb.v";
    ".\beh_jkff.v";
