#! /c/Source/iverilog-install/bin/vvp
:ivl_version "12.0 (devel)" "(s20150603-1539-g2693dd32b)";
:ivl_delay_selection "TYPICAL";
:vpi_time_precision - 12;
:vpi_module "C:\iverilog\lib\ivl\system.vpi";
:vpi_module "C:\iverilog\lib\ivl\vhdl_sys.vpi";
:vpi_module "C:\iverilog\lib\ivl\vhdl_textio.vpi";
:vpi_module "C:\iverilog\lib\ivl\v2005_math.vpi";
:vpi_module "C:\iverilog\lib\ivl\va_math.vpi";
S_00000281de785590 .scope module, "nand_gate_tb" "nand_gate_tb" 2 4;
 .timescale -9 -12;
v00000281de8bbcc0_0 .var "a", 0 0;
v00000281de8bbd60_0 .var "b", 0 0;
v00000281de8bbe00_0 .net "y", 0 0, L_00000281de7534f0;  1 drivers
S_00000281de785720 .scope module, "uut" "nand_gate" 2 8, 3 1 0, S_00000281de785590;
 .timescale -9 -12;
    .port_info 0 /INPUT 1 "a";
    .port_info 1 /INPUT 1 "b";
    .port_info 2 /OUTPUT 1 "y";
L_00000281de753390 .functor AND 1, v00000281de8bbcc0_0, v00000281de8bbd60_0, C4<1>, C4<1>;
L_00000281de7534f0 .functor NOT 1, L_00000281de753390, C4<0>, C4<0>, C4<0>;
v00000281de8b8610_0 .net *"_ivl_0", 0 0, L_00000281de753390;  1 drivers
v00000281de752f90_0 .net "a", 0 0, v00000281de8bbcc0_0;  1 drivers
v00000281de7858b0_0 .net "b", 0 0, v00000281de8bbd60_0;  1 drivers
v00000281de785950_0 .net "y", 0 0, L_00000281de7534f0;  alias, 1 drivers
    .scope S_00000281de785590;
T_0 ;
    %vpi_call 2 11 "$dumpfile", "nand.vcd" {0 0 0};
    %vpi_call 2 12 "$dumpvars", 32'sb00000000000000000000000000000000, S_00000281de785590 {0 0 0};
    %pushi/vec4 0, 0, 1;
    %store/vec4 v00000281de8bbcc0_0, 0, 1;
    %pushi/vec4 0, 0, 1;
    %store/vec4 v00000281de8bbd60_0, 0, 1;
    %delay 10000, 0;
    %pushi/vec4 0, 0, 1;
    %store/vec4 v00000281de8bbd60_0, 0, 1;
    %pushi/vec4 1, 0, 1;
    %store/vec4 v00000281de8bbd60_0, 0, 1;
    %delay 10000, 0;
    %pushi/vec4 1, 0, 1;
    %store/vec4 v00000281de8bbcc0_0, 0, 1;
    %pushi/vec4 0, 0, 1;
    %store/vec4 v00000281de8bbd60_0, 0, 1;
    %delay 10000, 0;
    %pushi/vec4 1, 0, 1;
    %store/vec4 v00000281de8bbd60_0, 0, 1;
    %pushi/vec4 1, 0, 1;
    %store/vec4 v00000281de8bbd60_0, 0, 1;
    %delay 10000, 0;
    %vpi_call 2 21 "$finish" {0 0 0};
    %end;
    .thread T_0;
# The file index is used to find the file name in the following table.
:file_names 4;
    "N/A";
    "<interactive>";
    ".\nand_tb.v";
    "./nand.v";
