#! /c/Source/iverilog-install/bin/vvp
:ivl_version "12.0 (devel)" "(s20150603-1539-g2693dd32b)";
:ivl_delay_selection "TYPICAL";
:vpi_time_precision - 12;
:vpi_module "C:\iverilog\lib\ivl\system.vpi";
:vpi_module "C:\iverilog\lib\ivl\vhdl_sys.vpi";
:vpi_module "C:\iverilog\lib\ivl\vhdl_textio.vpi";
:vpi_module "C:\iverilog\lib\ivl\v2005_math.vpi";
:vpi_module "C:\iverilog\lib\ivl\va_math.vpi";
S_0000024829119b60 .scope module, "sr_latch_tb" "sr_latch_tb" 2 4;
 .timescale -9 -12;
v0000024829016090_0 .net "Q", 0 0, L_0000024829019bc0;  1 drivers
v000002482911c2a0_0 .net "Qbar", 0 0, L_0000024828fe33c0;  1 drivers
v000002482911c340_0 .var "R", 0 0;
v000002482911c3e0_0 .var "S", 0 0;
S_0000024829015d20 .scope module, "uut" "sr_latch" 2 9, 3 1 0, S_0000024829119b60;
 .timescale -9 -12;
    .port_info 0 /INPUT 1 "S";
    .port_info 1 /INPUT 1 "R";
    .port_info 2 /OUTPUT 1 "Q";
    .port_info 3 /OUTPUT 1 "Qbar";
L_0000024829016130 .functor OR 1, v000002482911c340_0, L_0000024828fe33c0, C4<0>, C4<0>;
L_0000024829019bc0 .functor NOT 1, L_0000024829016130, C4<0>, C4<0>, C4<0>;
L_0000024828fe3800 .functor OR 1, v000002482911c3e0_0, L_0000024829019bc0, C4<0>, C4<0>;
L_0000024828fe33c0 .functor NOT 1, L_0000024828fe3800, C4<0>, C4<0>, C4<0>;
v0000024828fe35e0_0 .net "Q", 0 0, L_0000024829019bc0;  alias, 1 drivers
v0000024828fe3140_0 .net "Qbar", 0 0, L_0000024828fe33c0;  alias, 1 drivers
v0000024829019b20_0 .net "R", 0 0, v000002482911c340_0;  1 drivers
v0000024829015eb0_0 .net "S", 0 0, v000002482911c3e0_0;  1 drivers
v0000024829015f50_0 .net *"_ivl_0", 0 0, L_0000024829016130;  1 drivers
v0000024829015ff0_0 .net *"_ivl_4", 0 0, L_0000024828fe3800;  1 drivers
    .scope S_0000024829119b60;
T_0 ;
    %vpi_call 2 12 "$dumpfile", "sr_latch.vcd" {0 0 0};
    %vpi_call 2 13 "$dumpvars", 32'sb00000000000000000000000000000000, S_0000024829119b60 {0 0 0};
    %pushi/vec4 0, 0, 1;
    %store/vec4 v000002482911c3e0_0, 0, 1;
    %pushi/vec4 0, 0, 1;
    %store/vec4 v000002482911c340_0, 0, 1;
    %delay 10000, 0;
    %pushi/vec4 1, 0, 1;
    %store/vec4 v000002482911c3e0_0, 0, 1;
    %pushi/vec4 0, 0, 1;
    %store/vec4 v000002482911c340_0, 0, 1;
    %delay 10000, 0;
    %pushi/vec4 0, 0, 1;
    %store/vec4 v000002482911c3e0_0, 0, 1;
    %pushi/vec4 0, 0, 1;
    %store/vec4 v000002482911c340_0, 0, 1;
    %delay 10000, 0;
    %pushi/vec4 0, 0, 1;
    %store/vec4 v000002482911c3e0_0, 0, 1;
    %pushi/vec4 1, 0, 1;
    %store/vec4 v000002482911c340_0, 0, 1;
    %delay 10000, 0;
    %pushi/vec4 0, 0, 1;
    %store/vec4 v000002482911c3e0_0, 0, 1;
    %pushi/vec4 0, 0, 1;
    %store/vec4 v000002482911c340_0, 0, 1;
    %delay 10000, 0;
    %pushi/vec4 1, 0, 1;
    %store/vec4 v000002482911c3e0_0, 0, 1;
    %pushi/vec4 1, 0, 1;
    %store/vec4 v000002482911c340_0, 0, 1;
    %delay 10000, 0;
    %delay 20000, 0;
    %vpi_call 2 20 "$finish" {0 0 0};
    %end;
    .thread T_0;
# The file index is used to find the file name in the following table.
:file_names 4;
    "N/A";
    "<interactive>";
    "./sr_latch_tb.v";
    "./sr_latch.v";
