#! /c/Source/iverilog-install/bin/vvp
:ivl_version "12.0 (devel)" "(s20150603-1539-g2693dd32b)";
:ivl_delay_selection "TYPICAL";
:vpi_time_precision - 12;
:vpi_module "C:\iverilog\lib\ivl\system.vpi";
:vpi_module "C:\iverilog\lib\ivl\vhdl_sys.vpi";
:vpi_module "C:\iverilog\lib\ivl\vhdl_textio.vpi";
:vpi_module "C:\iverilog\lib\ivl\v2005_math.vpi";
:vpi_module "C:\iverilog\lib\ivl\va_math.vpi";
S_000002832eeea6e0 .scope module, "full_adder_tb" "full_adder_tb" 2 4;
 .timescale -9 -12;
v000002832eeec3e0_0 .var "A", 0 0;
v000002832eeec480_0 .var "B", 0 0;
v000002832ef82c40_0 .var "Cin", 0 0;
v000002832ef83280_0 .net "Cout", 0 0, L_000002832ef33180;  1 drivers
v000002832ef82d80_0 .net "Sum", 0 0, L_000002832ef33110;  1 drivers
S_000002832ef35ff0 .scope module, "uut" "full_adder" 2 9, 3 1 0, S_000002832eeea6e0;
 .timescale -9 -12;
    .port_info 0 /INPUT 1 "A";
    .port_info 1 /INPUT 1 "B";
    .port_info 2 /INPUT 1 "Cin";
    .port_info 3 /OUTPUT 1 "Sum";
    .port_info 4 /OUTPUT 1 "Cout";
L_000002832ef33500 .functor XOR 1, v000002832eeec3e0_0, v000002832eeec480_0, C4<0>, C4<0>;
L_000002832ef33110 .functor XOR 1, L_000002832ef33500, v000002832ef82c40_0, C4<0>, C4<0>;
L_000002832ef331f0 .functor AND 1, v000002832eeec3e0_0, v000002832eeec480_0, C4<1>, C4<1>;
L_000002832ef335e0 .functor XOR 1, v000002832eeec3e0_0, v000002832eeec480_0, C4<0>, C4<0>;
L_000002832ef33260 .functor AND 1, v000002832ef82c40_0, L_000002832ef335e0, C4<1>, C4<1>;
L_000002832ef33180 .functor OR 1, L_000002832ef331f0, L_000002832ef33260, C4<0>, C4<0>;
v000002832ef035e0_0 .net "A", 0 0, v000002832eeec3e0_0;  1 drivers
v000002832ef03140_0 .net "B", 0 0, v000002832eeec480_0;  1 drivers
v000002832eeea4b0_0 .net "Cin", 0 0, v000002832ef82c40_0;  1 drivers
v000002832ef36180_0 .net "Cout", 0 0, L_000002832ef33180;  alias, 1 drivers
v000002832ef36220_0 .net "Sum", 0 0, L_000002832ef33110;  alias, 1 drivers
v000002832ef362c0_0 .net *"_ivl_0", 0 0, L_000002832ef33500;  1 drivers
v000002832ef36360_0 .net *"_ivl_4", 0 0, L_000002832ef331f0;  1 drivers
v000002832eeec2a0_0 .net *"_ivl_6", 0 0, L_000002832ef335e0;  1 drivers
v000002832eeec340_0 .net *"_ivl_8", 0 0, L_000002832ef33260;  1 drivers
    .scope S_000002832eeea6e0;
T_0 ;
    %vpi_call 2 12 "$dumpfile", "full_adder.vcd" {0 0 0};
    %vpi_call 2 13 "$dumpvars", 32'sb00000000000000000000000000000000, S_000002832eeea6e0 {0 0 0};
    %pushi/vec4 0, 0, 1;
    %store/vec4 v000002832eeec3e0_0, 0, 1;
    %pushi/vec4 0, 0, 1;
    %store/vec4 v000002832eeec480_0, 0, 1;
    %pushi/vec4 0, 0, 1;
    %store/vec4 v000002832ef82c40_0, 0, 1;
    %delay 10000, 0;
    %pushi/vec4 0, 0, 1;
    %store/vec4 v000002832eeec3e0_0, 0, 1;
    %pushi/vec4 1, 0, 1;
    %store/vec4 v000002832eeec480_0, 0, 1;
    %pushi/vec4 0, 0, 1;
    %store/vec4 v000002832ef82c40_0, 0, 1;
    %delay 10000, 0;
    %pushi/vec4 1, 0, 1;
    %store/vec4 v000002832eeec3e0_0, 0, 1;
    %pushi/vec4 0, 0, 1;
    %store/vec4 v000002832eeec480_0, 0, 1;
    %pushi/vec4 0, 0, 1;
    %store/vec4 v000002832ef82c40_0, 0, 1;
    %delay 10000, 0;
    %pushi/vec4 1, 0, 1;
    %store/vec4 v000002832eeec3e0_0, 0, 1;
    %pushi/vec4 1, 0, 1;
    %store/vec4 v000002832eeec480_0, 0, 1;
    %pushi/vec4 0, 0, 1;
    %store/vec4 v000002832ef82c40_0, 0, 1;
    %delay 10000, 0;
    %pushi/vec4 0, 0, 1;
    %store/vec4 v000002832eeec3e0_0, 0, 1;
    %pushi/vec4 0, 0, 1;
    %store/vec4 v000002832eeec480_0, 0, 1;
    %pushi/vec4 1, 0, 1;
    %store/vec4 v000002832ef82c40_0, 0, 1;
    %delay 10000, 0;
    %pushi/vec4 0, 0, 1;
    %store/vec4 v000002832eeec3e0_0, 0, 1;
    %pushi/vec4 1, 0, 1;
    %store/vec4 v000002832eeec480_0, 0, 1;
    %pushi/vec4 1, 0, 1;
    %store/vec4 v000002832ef82c40_0, 0, 1;
    %delay 10000, 0;
    %pushi/vec4 1, 0, 1;
    %store/vec4 v000002832eeec3e0_0, 0, 1;
    %pushi/vec4 0, 0, 1;
    %store/vec4 v000002832eeec480_0, 0, 1;
    %pushi/vec4 1, 0, 1;
    %store/vec4 v000002832ef82c40_0, 0, 1;
    %delay 10000, 0;
    %pushi/vec4 1, 0, 1;
    %store/vec4 v000002832eeec3e0_0, 0, 1;
    %pushi/vec4 1, 0, 1;
    %store/vec4 v000002832eeec480_0, 0, 1;
    %pushi/vec4 1, 0, 1;
    %store/vec4 v000002832ef82c40_0, 0, 1;
    %delay 10000, 0;
    %delay 20000, 0;
    %vpi_call 2 24 "$finish" {0 0 0};
    %end;
    .thread T_0;
# The file index is used to find the file name in the following table.
:file_names 4;
    "N/A";
    "<interactive>";
    "./full_adder_tb.v";
    "./full_adder.v";
