#! /c/Source/iverilog-install/bin/vvp
:ivl_version "12.0 (devel)" "(s20150603-1539-g2693dd32b)";
:ivl_delay_selection "TYPICAL";
:vpi_time_precision - 12;
:vpi_module "C:\iverilog\lib\ivl\system.vpi";
:vpi_module "C:\iverilog\lib\ivl\vhdl_sys.vpi";
:vpi_module "C:\iverilog\lib\ivl\vhdl_textio.vpi";
:vpi_module "C:\iverilog\lib\ivl\v2005_math.vpi";
:vpi_module "C:\iverilog\lib\ivl\va_math.vpi";
S_000001bf85d7a710 .scope module, "encoder4to2_tb" "encoder4to2_tb" 2 4;
 .timescale -9 -12;
v000001bf85d7c820_0 .var "din", 3 0;
v000001bf85d7c8c0_0 .net "dout", 1 0, v000001bf85bd3140_0;  1 drivers
S_000001bf85c06180 .scope module, "uut" "encoder4to2" 2 8, 3 1 0, S_000001bf85d7a710;
 .timescale -9 -12;
    .port_info 0 /INPUT 4 "din";
    .port_info 1 /OUTPUT 2 "dout";
v000001bf85bd3530_0 .net "din", 3 0, v000001bf85d7c820_0;  1 drivers
v000001bf85bd3140_0 .var "dout", 1 0;
E_000001bf85d7d1a0 .event anyedge, v000001bf85bd3530_0;
    .scope S_000001bf85c06180;
T_0 ;
    %wait E_000001bf85d7d1a0;
    %load/vec4 v000001bf85bd3530_0;
    %dup/vec4;
    %pushi/vec4 1, 0, 4;
    %cmp/u;
    %jmp/1 T_0.0, 6;
    %dup/vec4;
    %pushi/vec4 2, 0, 4;
    %cmp/u;
    %jmp/1 T_0.1, 6;
    %dup/vec4;
    %pushi/vec4 4, 0, 4;
    %cmp/u;
    %jmp/1 T_0.2, 6;
    %dup/vec4;
    %pushi/vec4 8, 0, 4;
    %cmp/u;
    %jmp/1 T_0.3, 6;
    %pushi/vec4 3, 3, 2;
    %store/vec4 v000001bf85bd3140_0, 0, 2;
    %jmp T_0.5;
T_0.0 ;
    %pushi/vec4 0, 0, 2;
    %store/vec4 v000001bf85bd3140_0, 0, 2;
    %jmp T_0.5;
T_0.1 ;
    %pushi/vec4 1, 0, 2;
    %store/vec4 v000001bf85bd3140_0, 0, 2;
    %jmp T_0.5;
T_0.2 ;
    %pushi/vec4 2, 0, 2;
    %store/vec4 v000001bf85bd3140_0, 0, 2;
    %jmp T_0.5;
T_0.3 ;
    %pushi/vec4 3, 0, 2;
    %store/vec4 v000001bf85bd3140_0, 0, 2;
    %jmp T_0.5;
T_0.5 ;
    %pop/vec4 1;
    %jmp T_0;
    .thread T_0, $push;
    .scope S_000001bf85d7a710;
T_1 ;
    %vpi_call 2 11 "$dumpfile", "encoder4to2.vcd" {0 0 0};
    %vpi_call 2 12 "$dumpvars", 32'sb00000000000000000000000000000000, S_000001bf85d7a710 {0 0 0};
    %pushi/vec4 1, 0, 4;
    %store/vec4 v000001bf85d7c820_0, 0, 4;
    %delay 5000, 0;
    %pushi/vec4 2, 0, 4;
    %store/vec4 v000001bf85d7c820_0, 0, 4;
    %delay 5000, 0;
    %pushi/vec4 4, 0, 4;
    %store/vec4 v000001bf85d7c820_0, 0, 4;
    %delay 5000, 0;
    %pushi/vec4 8, 0, 4;
    %store/vec4 v000001bf85d7c820_0, 0, 4;
    %delay 5000, 0;
    %pushi/vec4 6, 0, 4;
    %store/vec4 v000001bf85d7c820_0, 0, 4;
    %delay 5000, 0;
    %delay 10000, 0;
    %vpi_call 2 18 "$finish" {0 0 0};
    %end;
    .thread T_1;
# The file index is used to find the file name in the following table.
:file_names 4;
    "N/A";
    "<interactive>";
    "./encoder4to2_tb.v";
    "./encoder4to2.v";
