#! /c/Source/iverilog-install/bin/vvp
:ivl_version "12.0 (devel)" "(s20150603-1539-g2693dd32b)";
:ivl_delay_selection "TYPICAL";
:vpi_time_precision + 0;
:vpi_module "C:\iverilog\lib\ivl\system.vpi";
:vpi_module "C:\iverilog\lib\ivl\vhdl_sys.vpi";
:vpi_module "C:\iverilog\lib\ivl\vhdl_textio.vpi";
:vpi_module "C:\iverilog\lib\ivl\v2005_math.vpi";
:vpi_module "C:\iverilog\lib\ivl\va_math.vpi";
S_0000016c82ce6750 .scope module, "decoder_2to4_tb" "decoder_2to4_tb" 2 1;
 .timescale 0 0;
v0000016c82d2d840_0 .var "D0", 0 0;
v0000016c82d2d8e0_0 .var "D1", 0 0;
v0000016c82d2d980_0 .net "Y0", 0 0, L_0000016c82ce3b80;  1 drivers
v0000016c82d2e5b0_0 .net "Y1", 0 0, L_0000016c82ce3d90;  1 drivers
v0000016c82d2e970_0 .net "Y2", 0 0, L_0000016c82ce3ee0;  1 drivers
v0000016c82d2dbb0_0 .net "Y3", 0 0, L_0000016c82ce3d20;  1 drivers
S_0000016c82ce68e0 .scope module, "dut" "decoder_2to4" 2 6, 3 1 0, S_0000016c82ce6750;
 .timescale 0 0;
    .port_info 0 /INPUT 1 "D0";
    .port_info 1 /INPUT 1 "D1";
    .port_info 2 /OUTPUT 1 "Y0";
    .port_info 3 /OUTPUT 1 "Y1";
    .port_info 4 /OUTPUT 1 "Y2";
    .port_info 5 /OUTPUT 1 "Y3";
L_0000016c82e2a070 .functor NOT 1, v0000016c82d2d840_0, C4<0>, C4<0>, C4<0>;
L_0000016c82ce3b10 .functor NOT 1, v0000016c82d2d8e0_0, C4<0>, C4<0>, C4<0>;
L_0000016c82ce3b80 .functor AND 1, L_0000016c82e2a070, L_0000016c82ce3b10, C4<1>, C4<1>;
L_0000016c82ce3d90 .functor AND 1, L_0000016c82e2a070, v0000016c82d2d8e0_0, C4<1>, C4<1>;
L_0000016c82ce3ee0 .functor AND 1, v0000016c82d2d840_0, L_0000016c82ce3b10, C4<1>, C4<1>;
L_0000016c82ce3d20 .functor AND 1, v0000016c82d2d840_0, v0000016c82d2d8e0_0, C4<1>, C4<1>;
v0000016c82e26a10_0 .net "D0", 0 0, v0000016c82d2d840_0;  1 drivers
v0000016c82e267b0_0 .net "D0_bar", 0 0, L_0000016c82e2a070;  1 drivers
v0000016c82e26c30_0 .net "D1", 0 0, v0000016c82d2d8e0_0;  1 drivers
v0000016c82e2a190_0 .net "D1_bar", 0 0, L_0000016c82ce3b10;  1 drivers
v0000016c82e2bdc0_0 .net "Y0", 0 0, L_0000016c82ce3b80;  alias, 1 drivers
v0000016c82e2be60_0 .net "Y1", 0 0, L_0000016c82ce3d90;  alias, 1 drivers
v0000016c82ce6a70_0 .net "Y2", 0 0, L_0000016c82ce3ee0;  alias, 1 drivers
v0000016c82ce6b10_0 .net "Y3", 0 0, L_0000016c82ce3d20;  alias, 1 drivers
    .scope S_0000016c82ce6750;
T_0 ;
    %vpi_call 2 12 "$dumpfile", "decoder_2to4.vcd" {0 0 0};
    %vpi_call 2 13 "$dumpvars", 32'sb00000000000000000000000000000000, S_0000016c82ce6750 {0 0 0};
    %pushi/vec4 0, 0, 1;
    %store/vec4 v0000016c82d2d840_0, 0, 1;
    %pushi/vec4 0, 0, 1;
    %store/vec4 v0000016c82d2d8e0_0, 0, 1;
    %delay 10, 0;
    %pushi/vec4 0, 0, 1;
    %store/vec4 v0000016c82d2d840_0, 0, 1;
    %pushi/vec4 1, 0, 1;
    %store/vec4 v0000016c82d2d8e0_0, 0, 1;
    %delay 10, 0;
    %pushi/vec4 1, 0, 1;
    %store/vec4 v0000016c82d2d840_0, 0, 1;
    %pushi/vec4 0, 0, 1;
    %store/vec4 v0000016c82d2d8e0_0, 0, 1;
    %delay 10, 0;
    %pushi/vec4 1, 0, 1;
    %store/vec4 v0000016c82d2d840_0, 0, 1;
    %pushi/vec4 1, 0, 1;
    %store/vec4 v0000016c82d2d8e0_0, 0, 1;
    %delay 10, 0;
    %vpi_call 2 20 "$finish" {0 0 0};
    %end;
    .thread T_0;
# The file index is used to find the file name in the following table.
:file_names 4;
    "N/A";
    "<interactive>";
    "decoder_2to4_tb.v";
    "decoder_2to4.v";
