#! /c/Source/iverilog-install/bin/vvp
:ivl_version "12.0 (devel)" "(s20150603-1539-g2693dd32b)";
:ivl_delay_selection "TYPICAL";
:vpi_time_precision - 12;
:vpi_module "C:\iverilog\lib\ivl\system.vpi";
:vpi_module "C:\iverilog\lib\ivl\vhdl_sys.vpi";
:vpi_module "C:\iverilog\lib\ivl\vhdl_textio.vpi";
:vpi_module "C:\iverilog\lib\ivl\v2005_math.vpi";
:vpi_module "C:\iverilog\lib\ivl\va_math.vpi";
S_000001fb419e6430 .scope module, "jk_ff_tb" "jk_ff_tb" 2 4;
 .timescale -9 -12;
v000001fb419b2e80_0 .var "J", 0 0;
v000001fb419b2f20_0 .var "K", 0 0;
v000001fb419b2fc0_0 .net "Q", 0 0, v000001fb419b2d40_0;  1 drivers
v000001fb419b3060_0 .var "clk", 0 0;
S_000001fb419e65c0 .scope module, "uut" "jk_ff" 2 9, 3 1 0, S_000001fb419e6430;
 .timescale -9 -12;
    .port_info 0 /INPUT 1 "J";
    .port_info 1 /INPUT 1 "K";
    .port_info 2 /INPUT 1 "clk";
    .port_info 3 /OUTPUT 1 "Q";
v000001fb419e6750_0 .net "J", 0 0, v000001fb419b2e80_0;  1 drivers
v000001fb419e67f0_0 .net "K", 0 0, v000001fb419b2f20_0;  1 drivers
v000001fb419b2d40_0 .var "Q", 0 0;
v000001fb419b2de0_0 .net "clk", 0 0, v000001fb419b3060_0;  1 drivers
E_000001fb4199b390 .event posedge, v000001fb419b2de0_0;
    .scope S_000001fb419e65c0;
T_0 ;
    %wait E_000001fb4199b390;
    %load/vec4 v000001fb419e6750_0;
    %load/vec4 v000001fb419e67f0_0;
    %concat/vec4; draw_concat_vec4
    %dup/vec4;
    %pushi/vec4 0, 0, 2;
    %cmp/u;
    %jmp/1 T_0.0, 6;
    %dup/vec4;
    %pushi/vec4 1, 0, 2;
    %cmp/u;
    %jmp/1 T_0.1, 6;
    %dup/vec4;
    %pushi/vec4 2, 0, 2;
    %cmp/u;
    %jmp/1 T_0.2, 6;
    %dup/vec4;
    %pushi/vec4 3, 0, 2;
    %cmp/u;
    %jmp/1 T_0.3, 6;
    %jmp T_0.4;
T_0.0 ;
    %load/vec4 v000001fb419b2d40_0;
    %assign/vec4 v000001fb419b2d40_0, 0;
    %jmp T_0.4;
T_0.1 ;
    %pushi/vec4 0, 0, 1;
    %assign/vec4 v000001fb419b2d40_0, 0;
    %jmp T_0.4;
T_0.2 ;
    %pushi/vec4 1, 0, 1;
    %assign/vec4 v000001fb419b2d40_0, 0;
    %jmp T_0.4;
T_0.3 ;
    %load/vec4 v000001fb419b2d40_0;
    %inv;
    %assign/vec4 v000001fb419b2d40_0, 0;
    %jmp T_0.4;
T_0.4 ;
    %pop/vec4 1;
    %jmp T_0;
    .thread T_0;
    .scope S_000001fb419e6430;
T_1 ;
    %pushi/vec4 0, 0, 1;
    %store/vec4 v000001fb419b3060_0, 0, 1;
    %end;
    .thread T_1;
    .scope S_000001fb419e6430;
T_2 ;
    %delay 5000, 0;
    %load/vec4 v000001fb419b3060_0;
    %inv;
    %store/vec4 v000001fb419b3060_0, 0, 1;
    %jmp T_2;
    .thread T_2;
    .scope S_000001fb419e6430;
T_3 ;
    %vpi_call 2 15 "$dumpfile", "jk_ff.vcd" {0 0 0};
    %vpi_call 2 16 "$dumpvars", 32'sb00000000000000000000000000000000, S_000001fb419e6430 {0 0 0};
    %pushi/vec4 0, 0, 1;
    %store/vec4 v000001fb419b2e80_0, 0, 1;
    %pushi/vec4 0, 0, 1;
    %store/vec4 v000001fb419b2f20_0, 0, 1;
    %delay 10000, 0;
    %pushi/vec4 1, 0, 1;
    %store/vec4 v000001fb419b2e80_0, 0, 1;
    %pushi/vec4 0, 0, 1;
    %store/vec4 v000001fb419b2f20_0, 0, 1;
    %delay 10000, 0;
    %pushi/vec4 0, 0, 1;
    %store/vec4 v000001fb419b2e80_0, 0, 1;
    %pushi/vec4 1, 0, 1;
    %store/vec4 v000001fb419b2f20_0, 0, 1;
    %delay 10000, 0;
    %pushi/vec4 1, 0, 1;
    %store/vec4 v000001fb419b2e80_0, 0, 1;
    %pushi/vec4 1, 0, 1;
    %store/vec4 v000001fb419b2f20_0, 0, 1;
    %delay 20000, 0;
    %delay 20000, 0;
    %vpi_call 2 21 "$finish" {0 0 0};
    %end;
    .thread T_3;
# The file index is used to find the file name in the following table.
:file_names 4;
    "N/A";
    "<interactive>";
    "./jk_ff_tb.v";
    "./jk_ff.v";
