#! /c/Source/iverilog-install/bin/vvp
:ivl_version "12.0 (devel)" "(s20150603-1539-g2693dd32b)";
:ivl_delay_selection "TYPICAL";
:vpi_time_precision + 0;
:vpi_module "C:\iverilog\lib\ivl\system.vpi";
:vpi_module "C:\iverilog\lib\ivl\vhdl_sys.vpi";
:vpi_module "C:\iverilog\lib\ivl\vhdl_textio.vpi";
:vpi_module "C:\iverilog\lib\ivl\v2005_math.vpi";
:vpi_module "C:\iverilog\lib\ivl\va_math.vpi";
S_000002220dd8a6c0 .scope module, "hdl_decoder_2to4_tb" "hdl_decoder_2to4_tb" 2 1;
 .timescale 0 0;
v000002220dc36c20_0 .var "D0", 0 0;
v000002220dc36cc0_0 .var "D1", 0 0;
v000002220dc34d00_0 .net "Y0", 0 0, v000002220dd8bd00_0;  1 drivers
v000002220dc34da0_0 .net "Y1", 0 0, v000002220dd8a850_0;  1 drivers
v000002220dc34e40_0 .net "Y2", 0 0, v000002220dc36ae0_0;  1 drivers
v000002220dc34ee0_0 .net "Y3", 0 0, v000002220dc36b80_0;  1 drivers
S_000002220dc36950 .scope module, "op" "hdl_decoder_2to4" 2 6, 3 1 0, S_000002220dd8a6c0;
 .timescale 0 0;
    .port_info 0 /INPUT 1 "D0";
    .port_info 1 /INPUT 1 "D1";
    .port_info 2 /OUTPUT 1 "Y0";
    .port_info 3 /OUTPUT 1 "Y1";
    .port_info 4 /OUTPUT 1 "Y2";
    .port_info 5 /OUTPUT 1 "Y3";
v000002220dc03360_0 .net "D0", 0 0, v000002220dc36c20_0;  1 drivers
v000002220dc030e0_0 .net "D1", 0 0, v000002220dc36cc0_0;  1 drivers
v000002220dd8bd00_0 .var "Y0", 0 0;
v000002220dd8a850_0 .var "Y1", 0 0;
v000002220dc36ae0_0 .var "Y2", 0 0;
v000002220dc36b80_0 .var "Y3", 0 0;
E_000002220dd89680 .event anyedge, v000002220dc03360_0, v000002220dc030e0_0;
    .scope S_000002220dc36950;
T_0 ;
    %wait E_000002220dd89680;
    %pushi/vec4 0, 0, 1;
    %store/vec4 v000002220dd8bd00_0, 0, 1;
    %pushi/vec4 0, 0, 1;
    %store/vec4 v000002220dd8a850_0, 0, 1;
    %pushi/vec4 0, 0, 1;
    %store/vec4 v000002220dc36ae0_0, 0, 1;
    %pushi/vec4 0, 0, 1;
    %store/vec4 v000002220dc36b80_0, 0, 1;
    %load/vec4 v000002220dc03360_0;
    %load/vec4 v000002220dc030e0_0;
    %concat/vec4; draw_concat_vec4
    %dup/vec4;
    %pushi/vec4 0, 0, 2;
    %cmp/u;
    %jmp/1 T_0.0, 6;
    %dup/vec4;
    %pushi/vec4 1, 0, 2;
    %cmp/u;
    %jmp/1 T_0.1, 6;
    %dup/vec4;
    %pushi/vec4 2, 0, 2;
    %cmp/u;
    %jmp/1 T_0.2, 6;
    %dup/vec4;
    %pushi/vec4 3, 0, 2;
    %cmp/u;
    %jmp/1 T_0.3, 6;
    %jmp T_0.4;
T_0.0 ;
    %pushi/vec4 1, 0, 1;
    %store/vec4 v000002220dd8bd00_0, 0, 1;
    %jmp T_0.4;
T_0.1 ;
    %pushi/vec4 1, 0, 1;
    %store/vec4 v000002220dd8a850_0, 0, 1;
    %jmp T_0.4;
T_0.2 ;
    %pushi/vec4 1, 0, 1;
    %store/vec4 v000002220dc36ae0_0, 0, 1;
    %jmp T_0.4;
T_0.3 ;
    %pushi/vec4 1, 0, 1;
    %store/vec4 v000002220dc36b80_0, 0, 1;
    %jmp T_0.4;
T_0.4 ;
    %pop/vec4 1;
    %jmp T_0;
    .thread T_0, $push;
    .scope S_000002220dd8a6c0;
T_1 ;
    %vpi_call 2 12 "$dumpfile", "hdl_decoder_2to4.vcd" {0 0 0};
    %vpi_call 2 13 "$dumpvars", 32'sb00000000000000000000000000000000, S_000002220dd8a6c0 {0 0 0};
    %pushi/vec4 0, 0, 1;
    %store/vec4 v000002220dc36c20_0, 0, 1;
    %pushi/vec4 0, 0, 1;
    %store/vec4 v000002220dc36cc0_0, 0, 1;
    %delay 10, 0;
    %pushi/vec4 1, 0, 1;
    %store/vec4 v000002220dc36cc0_0, 0, 1;
    %delay 10, 0;
    %pushi/vec4 1, 0, 1;
    %store/vec4 v000002220dc36c20_0, 0, 1;
    %pushi/vec4 0, 0, 1;
    %store/vec4 v000002220dc36cc0_0, 0, 1;
    %delay 10, 0;
    %pushi/vec4 1, 0, 1;
    %store/vec4 v000002220dc36cc0_0, 0, 1;
    %delay 10, 0;
    %vpi_call 2 19 "$finish" {0 0 0};
    %end;
    .thread T_1;
# The file index is used to find the file name in the following table.
:file_names 4;
    "N/A";
    "<interactive>";
    "hdl_decoder_2to4_tb.v";
    "hdl_decoder_2to4.v";
