#! /c/Source/iverilog-install/bin/vvp
:ivl_version "12.0 (devel)" "(s20150603-1539-g2693dd32b)";
:ivl_delay_selection "TYPICAL";
:vpi_time_precision + 0;
:vpi_module "C:\iverilog\lib\ivl\system.vpi";
:vpi_module "C:\iverilog\lib\ivl\vhdl_sys.vpi";
:vpi_module "C:\iverilog\lib\ivl\vhdl_textio.vpi";
:vpi_module "C:\iverilog\lib\ivl\v2005_math.vpi";
:vpi_module "C:\iverilog\lib\ivl\va_math.vpi";
S_00000291576e4e50 .scope module, "df_basic_gates_tb" "df_basic_gates_tb" 2 1;
 .timescale 0 0;
v00000291576e68a0_0 .var "a", 0 0;
v00000291576563b0_0 .var "b", 0 0;
v0000029157656450_0 .net "y_and", 0 0, L_00000291576d46d0;  1 drivers
v00000291576564f0_0 .net "y_not", 0 0, L_00000291576d4b30;  1 drivers
v0000029157656590_0 .net "y_or", 0 0, L_00000291576d4900;  1 drivers
S_00000291576e4fe0 .scope module, "op1" "and_gate_df" 2 7, 3 1 0, S_00000291576e4e50;
 .timescale 0 0;
    .port_info 0 /INPUT 1 "a";
    .port_info 1 /INPUT 1 "b";
    .port_info 2 /OUTPUT 1 "y";
L_00000291576d46d0 .functor AND 1, v00000291576e68a0_0, v00000291576563b0_0, C4<1>, C4<1>;
v0000029157656c30_0 .net "a", 0 0, v00000291576e68a0_0;  1 drivers
v00000291576d4a90_0 .net "b", 0 0, v00000291576563b0_0;  1 drivers
v00000291576d4860_0 .net "y", 0 0, L_00000291576d46d0;  alias, 1 drivers
S_00000291576e64e0 .scope module, "op2" "or_gate_df" 2 8, 3 9 0, S_00000291576e4e50;
 .timescale 0 0;
    .port_info 0 /INPUT 1 "a";
    .port_info 1 /INPUT 1 "b";
    .port_info 2 /OUTPUT 1 "y";
L_00000291576d4900 .functor OR 1, v00000291576e68a0_0, v00000291576563b0_0, C4<0>, C4<0>;
v00000291576d4630_0 .net "a", 0 0, v00000291576e68a0_0;  alias, 1 drivers
v00000291576d4d70_0 .net "b", 0 0, v00000291576563b0_0;  alias, 1 drivers
v00000291576e5170_0 .net "y", 0 0, L_00000291576d4900;  alias, 1 drivers
S_00000291576e6670 .scope module, "op3" "not_gate_df" 2 9, 3 17 0, S_00000291576e4e50;
 .timescale 0 0;
    .port_info 0 /INPUT 1 "a";
    .port_info 1 /OUTPUT 1 "y";
L_00000291576d4b30 .functor NOT 1, v00000291576e68a0_0, C4<0>, C4<0>, C4<0>;
v00000291576e5210_0 .net "a", 0 0, v00000291576e68a0_0;  alias, 1 drivers
v00000291576e6800_0 .net "y", 0 0, L_00000291576d4b30;  alias, 1 drivers
    .scope S_00000291576e4e50;
T_0 ;
    %vpi_call 2 12 "$dumpfile", "df_basic_gates.vcd" {0 0 0};
    %vpi_call 2 13 "$dumpvars", 32'sb00000000000000000000000000000000, S_00000291576e4e50 {0 0 0};
    %pushi/vec4 0, 0, 1;
    %store/vec4 v00000291576e68a0_0, 0, 1;
    %pushi/vec4 0, 0, 1;
    %store/vec4 v00000291576563b0_0, 0, 1;
    %delay 10, 0;
    %pushi/vec4 0, 0, 1;
    %store/vec4 v00000291576e68a0_0, 0, 1;
    %pushi/vec4 1, 0, 1;
    %store/vec4 v00000291576563b0_0, 0, 1;
    %delay 10, 0;
    %pushi/vec4 1, 0, 1;
    %store/vec4 v00000291576e68a0_0, 0, 1;
    %pushi/vec4 0, 0, 1;
    %store/vec4 v00000291576563b0_0, 0, 1;
    %delay 10, 0;
    %pushi/vec4 1, 0, 1;
    %store/vec4 v00000291576e68a0_0, 0, 1;
    %pushi/vec4 1, 0, 1;
    %store/vec4 v00000291576563b0_0, 0, 1;
    %delay 10, 0;
    %vpi_call 2 18 "$finish" {0 0 0};
    %end;
    .thread T_0;
# The file index is used to find the file name in the following table.
:file_names 4;
    "N/A";
    "<interactive>";
    "df_basic_gates_tb.v";
    "df_basic_gates.v";
