#! /c/Source/iverilog-install/bin/vvp
:ivl_version "12.0 (devel)" "(s20150603-1539-g2693dd32b)";
:ivl_delay_selection "TYPICAL";
:vpi_time_precision + 0;
:vpi_module "C:\iverilog\lib\ivl\system.vpi";
:vpi_module "C:\iverilog\lib\ivl\vhdl_sys.vpi";
:vpi_module "C:\iverilog\lib\ivl\vhdl_textio.vpi";
:vpi_module "C:\iverilog\lib\ivl\v2005_math.vpi";
:vpi_module "C:\iverilog\lib\ivl\va_math.vpi";
S_0000026525efe510 .scope module, "hdl_encoder_4to2_tb" "hdl_encoder_4to2_tb" 2 1;
 .timescale 0 0;
v0000026525efa990_0 .var "D0", 0 0;
v00000265261d0840_0 .var "D1", 0 0;
v00000265261d08e0_0 .var "D2", 0 0;
v00000265261d0980_0 .var "D3", 0 0;
v00000265261d0a20_0 .net "Y0", 0 0, v0000026525efe8d0_0;  1 drivers
v00000265261d0ac0_0 .net "Y1", 0 0, v0000026525efa8f0_0;  1 drivers
S_0000026525efe6a0 .scope module, "op" "hdl_encoder_4to2" 2 6, 3 1 0, S_0000026525efe510;
 .timescale 0 0;
    .port_info 0 /INPUT 1 "D0";
    .port_info 1 /INPUT 1 "D1";
    .port_info 2 /INPUT 1 "D2";
    .port_info 3 /INPUT 1 "D3";
    .port_info 4 /OUTPUT 1 "Y0";
    .port_info 5 /OUTPUT 1 "Y1";
v0000026526153360_0 .net "D0", 0 0, v0000026525efa990_0;  1 drivers
v0000026525efbd20_0 .net "D1", 0 0, v00000265261d0840_0;  1 drivers
v00000265261530e0_0 .net "D2", 0 0, v00000265261d08e0_0;  1 drivers
v0000026525efe830_0 .net "D3", 0 0, v00000265261d0980_0;  1 drivers
v0000026525efe8d0_0 .var "Y0", 0 0;
v0000026525efa8f0_0 .var "Y1", 0 0;
E_000002652618a230 .event anyedge, v0000026525efe830_0, v00000265261530e0_0, v0000026525efbd20_0, v0000026526153360_0;
    .scope S_0000026525efe6a0;
T_0 ;
    %wait E_000002652618a230;
    %load/vec4 v0000026525efe830_0;
    %load/vec4 v00000265261530e0_0;
    %concat/vec4; draw_concat_vec4
    %load/vec4 v0000026525efbd20_0;
    %concat/vec4; draw_concat_vec4
    %load/vec4 v0000026526153360_0;
    %concat/vec4; draw_concat_vec4
    %dup/vec4;
    %pushi/vec4 1, 0, 4;
    %cmp/u;
    %jmp/1 T_0.0, 6;
    %dup/vec4;
    %pushi/vec4 2, 0, 4;
    %cmp/u;
    %jmp/1 T_0.1, 6;
    %dup/vec4;
    %pushi/vec4 4, 0, 4;
    %cmp/u;
    %jmp/1 T_0.2, 6;
    %dup/vec4;
    %pushi/vec4 8, 0, 4;
    %cmp/u;
    %jmp/1 T_0.3, 6;
    %pushi/vec4 0, 0, 1;
    %store/vec4 v0000026525efa8f0_0, 0, 1;
    %pushi/vec4 0, 0, 1;
    %store/vec4 v0000026525efe8d0_0, 0, 1;
    %jmp T_0.5;
T_0.0 ;
    %pushi/vec4 0, 0, 1;
    %store/vec4 v0000026525efa8f0_0, 0, 1;
    %pushi/vec4 0, 0, 1;
    %store/vec4 v0000026525efe8d0_0, 0, 1;
    %jmp T_0.5;
T_0.1 ;
    %pushi/vec4 0, 0, 1;
    %store/vec4 v0000026525efa8f0_0, 0, 1;
    %pushi/vec4 1, 0, 1;
    %store/vec4 v0000026525efe8d0_0, 0, 1;
    %jmp T_0.5;
T_0.2 ;
    %pushi/vec4 1, 0, 1;
    %store/vec4 v0000026525efa8f0_0, 0, 1;
    %pushi/vec4 0, 0, 1;
    %store/vec4 v0000026525efe8d0_0, 0, 1;
    %jmp T_0.5;
T_0.3 ;
    %pushi/vec4 1, 0, 1;
    %store/vec4 v0000026525efa8f0_0, 0, 1;
    %pushi/vec4 1, 0, 1;
    %store/vec4 v0000026525efe8d0_0, 0, 1;
    %jmp T_0.5;
T_0.5 ;
    %pop/vec4 1;
    %jmp T_0;
    .thread T_0, $push;
    .scope S_0000026525efe510;
T_1 ;
    %vpi_call 2 12 "$dumpfile", "hdl_encoder_4to2.vcd" {0 0 0};
    %vpi_call 2 13 "$dumpvars", 32'sb00000000000000000000000000000000, S_0000026525efe510 {0 0 0};
    %pushi/vec4 0, 0, 1;
    %store/vec4 v00000265261d0980_0, 0, 1;
    %pushi/vec4 0, 0, 1;
    %store/vec4 v00000265261d08e0_0, 0, 1;
    %pushi/vec4 0, 0, 1;
    %store/vec4 v00000265261d0840_0, 0, 1;
    %pushi/vec4 1, 0, 1;
    %store/vec4 v0000026525efa990_0, 0, 1;
    %delay 10, 0;
    %pushi/vec4 0, 0, 1;
    %store/vec4 v00000265261d0980_0, 0, 1;
    %pushi/vec4 0, 0, 1;
    %store/vec4 v00000265261d08e0_0, 0, 1;
    %pushi/vec4 1, 0, 1;
    %store/vec4 v00000265261d0840_0, 0, 1;
    %pushi/vec4 0, 0, 1;
    %store/vec4 v0000026525efa990_0, 0, 1;
    %delay 10, 0;
    %pushi/vec4 0, 0, 1;
    %store/vec4 v00000265261d0980_0, 0, 1;
    %pushi/vec4 1, 0, 1;
    %store/vec4 v00000265261d08e0_0, 0, 1;
    %pushi/vec4 0, 0, 1;
    %store/vec4 v00000265261d0840_0, 0, 1;
    %pushi/vec4 0, 0, 1;
    %store/vec4 v0000026525efa990_0, 0, 1;
    %delay 10, 0;
    %pushi/vec4 1, 0, 1;
    %store/vec4 v00000265261d0980_0, 0, 1;
    %pushi/vec4 0, 0, 1;
    %store/vec4 v00000265261d08e0_0, 0, 1;
    %pushi/vec4 0, 0, 1;
    %store/vec4 v00000265261d0840_0, 0, 1;
    %pushi/vec4 0, 0, 1;
    %store/vec4 v0000026525efa990_0, 0, 1;
    %delay 10, 0;
    %vpi_call 2 18 "$finish" {0 0 0};
    %end;
    .thread T_1;
# The file index is used to find the file name in the following table.
:file_names 4;
    "N/A";
    "<interactive>";
    "hdl_encoder_4to2_tb.v";
    "hdl_encoder_4to2.v";
