#! /c/Source/iverilog-install/bin/vvp
:ivl_version "12.0 (devel)" "(s20150603-1539-g2693dd32b)";
:ivl_delay_selection "TYPICAL";
:vpi_time_precision + 0;
:vpi_module "C:\iverilog\lib\ivl\system.vpi";
:vpi_module "C:\iverilog\lib\ivl\vhdl_sys.vpi";
:vpi_module "C:\iverilog\lib\ivl\vhdl_textio.vpi";
:vpi_module "C:\iverilog\lib\ivl\v2005_math.vpi";
:vpi_module "C:\iverilog\lib\ivl\va_math.vpi";
S_000001767cdb2ce0 .scope module, "hdl_mux_4to1_tb" "hdl_mux_4to1_tb" 2 1;
 .timescale 0 0;
v000001767cde30e0_0 .var "I0", 0 0;
v000001767cde3180_0 .var "I1", 0 0;
v000001767cde3220_0 .var "I2", 0 0;
v000001767cde32c0_0 .var "I3", 0 0;
v000001767cde3360_0 .var "S0", 0 0;
v000001767cde3400_0 .var "S1", 0 0;
v000001767cde34a0_0 .net "Y", 0 0, v000001767ceac140_0;  1 drivers
S_000001767cdb2e70 .scope module, "op" "hdl_mux_4to1" 2 7, 3 1 0, S_000001767cdb2ce0;
 .timescale 0 0;
    .port_info 0 /INPUT 1 "I0";
    .port_info 1 /INPUT 1 "I1";
    .port_info 2 /INPUT 1 "I2";
    .port_info 3 /INPUT 1 "I3";
    .port_info 4 /INPUT 1 "S1";
    .port_info 5 /INPUT 1 "S0";
    .port_info 6 /OUTPUT 1 "Y";
v000001767cea9c30_0 .net "I0", 0 0, v000001767cde30e0_0;  1 drivers
v000001767cdb3000_0 .net "I1", 0 0, v000001767cde3180_0;  1 drivers
v000001767cdb30a0_0 .net "I2", 0 0, v000001767cde3220_0;  1 drivers
v000001767ceabf60_0 .net "I3", 0 0, v000001767cde32c0_0;  1 drivers
v000001767ceac000_0 .net "S0", 0 0, v000001767cde3360_0;  1 drivers
v000001767ceac0a0_0 .net "S1", 0 0, v000001767cde3400_0;  1 drivers
v000001767ceac140_0 .var "Y", 0 0;
E_000001767cdeac30/0 .event anyedge, v000001767ceac0a0_0, v000001767ceac000_0, v000001767cea9c30_0, v000001767cdb3000_0;
E_000001767cdeac30/1 .event anyedge, v000001767cdb30a0_0, v000001767ceabf60_0;
E_000001767cdeac30 .event/or E_000001767cdeac30/0, E_000001767cdeac30/1;
    .scope S_000001767cdb2e70;
T_0 ;
    %wait E_000001767cdeac30;
    %load/vec4 v000001767ceac0a0_0;
    %load/vec4 v000001767ceac000_0;
    %concat/vec4; draw_concat_vec4
    %dup/vec4;
    %pushi/vec4 0, 0, 2;
    %cmp/u;
    %jmp/1 T_0.0, 6;
    %dup/vec4;
    %pushi/vec4 1, 0, 2;
    %cmp/u;
    %jmp/1 T_0.1, 6;
    %dup/vec4;
    %pushi/vec4 2, 0, 2;
    %cmp/u;
    %jmp/1 T_0.2, 6;
    %dup/vec4;
    %pushi/vec4 3, 0, 2;
    %cmp/u;
    %jmp/1 T_0.3, 6;
    %pushi/vec4 0, 0, 1;
    %store/vec4 v000001767ceac140_0, 0, 1;
    %jmp T_0.5;
T_0.0 ;
    %load/vec4 v000001767cea9c30_0;
    %store/vec4 v000001767ceac140_0, 0, 1;
    %jmp T_0.5;
T_0.1 ;
    %load/vec4 v000001767cdb3000_0;
    %store/vec4 v000001767ceac140_0, 0, 1;
    %jmp T_0.5;
T_0.2 ;
    %load/vec4 v000001767cdb30a0_0;
    %store/vec4 v000001767ceac140_0, 0, 1;
    %jmp T_0.5;
T_0.3 ;
    %load/vec4 v000001767ceabf60_0;
    %store/vec4 v000001767ceac140_0, 0, 1;
    %jmp T_0.5;
T_0.5 ;
    %pop/vec4 1;
    %jmp T_0;
    .thread T_0, $push;
    .scope S_000001767cdb2ce0;
T_1 ;
    %vpi_call 2 14 "$dumpfile", "hdl_mux_4to1.vcd" {0 0 0};
    %vpi_call 2 15 "$dumpvars", 32'sb00000000000000000000000000000000, S_000001767cdb2ce0 {0 0 0};
    %pushi/vec4 0, 0, 1;
    %store/vec4 v000001767cde30e0_0, 0, 1;
    %pushi/vec4 1, 0, 1;
    %store/vec4 v000001767cde3180_0, 0, 1;
    %pushi/vec4 0, 0, 1;
    %store/vec4 v000001767cde3220_0, 0, 1;
    %pushi/vec4 1, 0, 1;
    %store/vec4 v000001767cde32c0_0, 0, 1;
    %pushi/vec4 0, 0, 1;
    %store/vec4 v000001767cde3400_0, 0, 1;
    %pushi/vec4 0, 0, 1;
    %store/vec4 v000001767cde3360_0, 0, 1;
    %delay 10, 0;
    %pushi/vec4 0, 0, 1;
    %store/vec4 v000001767cde3400_0, 0, 1;
    %pushi/vec4 1, 0, 1;
    %store/vec4 v000001767cde3360_0, 0, 1;
    %delay 10, 0;
    %pushi/vec4 1, 0, 1;
    %store/vec4 v000001767cde3400_0, 0, 1;
    %pushi/vec4 0, 0, 1;
    %store/vec4 v000001767cde3360_0, 0, 1;
    %delay 10, 0;
    %pushi/vec4 1, 0, 1;
    %store/vec4 v000001767cde3400_0, 0, 1;
    %pushi/vec4 1, 0, 1;
    %store/vec4 v000001767cde3360_0, 0, 1;
    %delay 10, 0;
    %vpi_call 2 23 "$finish" {0 0 0};
    %end;
    .thread T_1;
# The file index is used to find the file name in the following table.
:file_names 4;
    "N/A";
    "<interactive>";
    ".\hdl_mux_4to1_tb.v";
    ".\hdl_mux_4to1.v";
