#! /c/Source/iverilog-install/bin/vvp
:ivl_version "12.0 (devel)" "(s20150603-1539-g2693dd32b)";
:ivl_delay_selection "TYPICAL";
:vpi_time_precision + 0;
:vpi_module "C:\iverilog\lib\ivl\system.vpi";
:vpi_module "C:\iverilog\lib\ivl\vhdl_sys.vpi";
:vpi_module "C:\iverilog\lib\ivl\vhdl_textio.vpi";
:vpi_module "C:\iverilog\lib\ivl\v2005_math.vpi";
:vpi_module "C:\iverilog\lib\ivl\va_math.vpi";
S_000001ec7a19bba0 .scope module, "mux_4to1_tb" "mux_4to1_tb" 2 1;
 .timescale 0 0;
v000001ec7a272da0_0 .var "I0", 0 0;
v000001ec7a272e40_0 .var "I1", 0 0;
v000001ec7a2738e0_0 .var "I2", 0 0;
v000001ec7a2732a0_0 .var "I3", 0 0;
v000001ec7a273a20_0 .var "S0", 0 0;
v000001ec7a273200_0 .var "S1", 0 0;
v000001ec7a273340_0 .net "Y", 0 0, L_000001ec7a273c30;  1 drivers
S_000001ec7a19cfe0 .scope module, "op" "mux_4to1" 2 7, 3 1 0, S_000001ec7a19bba0;
 .timescale 0 0;
    .port_info 0 /INPUT 1 "I0";
    .port_info 1 /INPUT 1 "I1";
    .port_info 2 /INPUT 1 "I2";
    .port_info 3 /INPUT 1 "I3";
    .port_info 4 /INPUT 1 "S1";
    .port_info 5 /INPUT 1 "S0";
    .port_info 6 /OUTPUT 1 "Y";
L_000001ec7a19d3f0 .functor NOT 1, v000001ec7a273200_0, C4<0>, C4<0>, C4<0>;
L_000001ec7a1f37a0 .functor NOT 1, v000001ec7a273a20_0, C4<0>, C4<0>, C4<0>;
L_000001ec7a19bd30 .functor AND 1, v000001ec7a272da0_0, L_000001ec7a19d3f0, L_000001ec7a1f37a0, C4<1>;
L_000001ec7a273ae0 .functor AND 1, v000001ec7a272e40_0, L_000001ec7a19d3f0, v000001ec7a273a20_0, C4<1>;
L_000001ec7a273b50 .functor AND 1, v000001ec7a2738e0_0, v000001ec7a273200_0, L_000001ec7a1f37a0, C4<1>;
L_000001ec7a273bc0 .functor AND 1, v000001ec7a2732a0_0, v000001ec7a273200_0, v000001ec7a273a20_0, C4<1>;
L_000001ec7a273c30 .functor OR 1, L_000001ec7a19bd30, L_000001ec7a273ae0, L_000001ec7a273b50, L_000001ec7a273bc0;
v000001ec7a1f3360_0 .net "I0", 0 0, v000001ec7a272da0_0;  1 drivers
v000001ec7a1f30e0_0 .net "I1", 0 0, v000001ec7a272e40_0;  1 drivers
v000001ec7a19d170_0 .net "I2", 0 0, v000001ec7a2738e0_0;  1 drivers
v000001ec7a19d210_0 .net "I3", 0 0, v000001ec7a2732a0_0;  1 drivers
v000001ec7a19d2b0_0 .net "S0", 0 0, v000001ec7a273a20_0;  1 drivers
v000001ec7a19d350_0 .net "S1", 0 0, v000001ec7a273200_0;  1 drivers
v000001ec7a272850_0 .net "Y", 0 0, L_000001ec7a273c30;  alias, 1 drivers
v000001ec7a2728f0_0 .net "nS0", 0 0, L_000001ec7a1f37a0;  1 drivers
v000001ec7a272990_0 .net "nS1", 0 0, L_000001ec7a19d3f0;  1 drivers
v000001ec7a272a30_0 .net "w0", 0 0, L_000001ec7a19bd30;  1 drivers
v000001ec7a273020_0 .net "w1", 0 0, L_000001ec7a273ae0;  1 drivers
v000001ec7a272d00_0 .net "w2", 0 0, L_000001ec7a273b50;  1 drivers
v000001ec7a272c60_0 .net "w3", 0 0, L_000001ec7a273bc0;  1 drivers
    .scope S_000001ec7a19bba0;
T_0 ;
    %vpi_call 2 14 "$dumpfile", "mux_4to1.vcd" {0 0 0};
    %vpi_call 2 15 "$dumpvars", 32'sb00000000000000000000000000000000, S_000001ec7a19bba0 {0 0 0};
    %pushi/vec4 0, 0, 1;
    %store/vec4 v000001ec7a272da0_0, 0, 1;
    %pushi/vec4 1, 0, 1;
    %store/vec4 v000001ec7a272e40_0, 0, 1;
    %pushi/vec4 0, 0, 1;
    %store/vec4 v000001ec7a2738e0_0, 0, 1;
    %pushi/vec4 1, 0, 1;
    %store/vec4 v000001ec7a2732a0_0, 0, 1;
    %pushi/vec4 0, 0, 1;
    %store/vec4 v000001ec7a273200_0, 0, 1;
    %pushi/vec4 0, 0, 1;
    %store/vec4 v000001ec7a273a20_0, 0, 1;
    %delay 10, 0;
    %pushi/vec4 0, 0, 1;
    %store/vec4 v000001ec7a273200_0, 0, 1;
    %pushi/vec4 1, 0, 1;
    %store/vec4 v000001ec7a273a20_0, 0, 1;
    %delay 10, 0;
    %pushi/vec4 1, 0, 1;
    %store/vec4 v000001ec7a273200_0, 0, 1;
    %pushi/vec4 0, 0, 1;
    %store/vec4 v000001ec7a273a20_0, 0, 1;
    %delay 10, 0;
    %pushi/vec4 1, 0, 1;
    %store/vec4 v000001ec7a273200_0, 0, 1;
    %pushi/vec4 1, 0, 1;
    %store/vec4 v000001ec7a273a20_0, 0, 1;
    %delay 10, 0;
    %vpi_call 2 23 "$finish" {0 0 0};
    %end;
    .thread T_0;
# The file index is used to find the file name in the following table.
:file_names 4;
    "N/A";
    "<interactive>";
    ".\mux_4to1_tb.v";
    ".\mux_4to1.v";
