#! /c/Source/iverilog-install/bin/vvp
:ivl_version "12.0 (devel)" "(s20150603-1539-g2693dd32b)";
:ivl_delay_selection "TYPICAL";
:vpi_time_precision - 12;
:vpi_module "C:\iverilog\lib\ivl\system.vpi";
:vpi_module "C:\iverilog\lib\ivl\vhdl_sys.vpi";
:vpi_module "C:\iverilog\lib\ivl\vhdl_textio.vpi";
:vpi_module "C:\iverilog\lib\ivl\v2005_math.vpi";
:vpi_module "C:\iverilog\lib\ivl\va_math.vpi";
S_00000221a5ae6150 .scope module, "decoder2to4_tb" "decoder2to4_tb" 2 4;
 .timescale -9 -12;
v00000221a586a5f0_0 .var "din", 1 0;
v00000221a586c8e0_0 .net "dout", 3 0, v00000221a5ab3140_0;  1 drivers
S_00000221a5ae62e0 .scope module, "uut" "decoder2to4" 2 8, 3 1 0, S_00000221a5ae6150;
 .timescale -9 -12;
    .port_info 0 /INPUT 2 "din";
    .port_info 1 /OUTPUT 4 "dout";
v00000221a5ab3510_0 .net "din", 1 0, v00000221a586a5f0_0;  1 drivers
v00000221a5ab3140_0 .var "dout", 3 0;
E_00000221a586d260 .event anyedge, v00000221a5ab3510_0;
    .scope S_00000221a5ae62e0;
T_0 ;
    %wait E_00000221a586d260;
    %load/vec4 v00000221a5ab3510_0;
    %dup/vec4;
    %pushi/vec4 0, 0, 2;
    %cmp/u;
    %jmp/1 T_0.0, 6;
    %dup/vec4;
    %pushi/vec4 1, 0, 2;
    %cmp/u;
    %jmp/1 T_0.1, 6;
    %dup/vec4;
    %pushi/vec4 2, 0, 2;
    %cmp/u;
    %jmp/1 T_0.2, 6;
    %dup/vec4;
    %pushi/vec4 3, 0, 2;
    %cmp/u;
    %jmp/1 T_0.3, 6;
    %jmp T_0.4;
T_0.0 ;
    %pushi/vec4 1, 0, 4;
    %store/vec4 v00000221a5ab3140_0, 0, 4;
    %jmp T_0.4;
T_0.1 ;
    %pushi/vec4 2, 0, 4;
    %store/vec4 v00000221a5ab3140_0, 0, 4;
    %jmp T_0.4;
T_0.2 ;
    %pushi/vec4 4, 0, 4;
    %store/vec4 v00000221a5ab3140_0, 0, 4;
    %jmp T_0.4;
T_0.3 ;
    %pushi/vec4 8, 0, 4;
    %store/vec4 v00000221a5ab3140_0, 0, 4;
    %jmp T_0.4;
T_0.4 ;
    %pop/vec4 1;
    %jmp T_0;
    .thread T_0, $push;
    .scope S_00000221a5ae6150;
T_1 ;
    %vpi_call 2 11 "$dumpfile", "decoder2to4.vcd" {0 0 0};
    %vpi_call 2 12 "$dumpvars", 32'sb00000000000000000000000000000000, S_00000221a5ae6150 {0 0 0};
    %pushi/vec4 0, 0, 2;
    %store/vec4 v00000221a586a5f0_0, 0, 2;
    %delay 5000, 0;
    %pushi/vec4 1, 0, 2;
    %store/vec4 v00000221a586a5f0_0, 0, 2;
    %delay 5000, 0;
    %pushi/vec4 2, 0, 2;
    %store/vec4 v00000221a586a5f0_0, 0, 2;
    %delay 5000, 0;
    %pushi/vec4 3, 0, 2;
    %store/vec4 v00000221a586a5f0_0, 0, 2;
    %delay 5000, 0;
    %delay 10000, 0;
    %vpi_call 2 17 "$finish" {0 0 0};
    %end;
    .thread T_1;
# The file index is used to find the file name in the following table.
:file_names 4;
    "N/A";
    "<interactive>";
    "./decoder2to4_tb.v";
    "./decoder2to4.v";
