#! /c/Source/iverilog-install/bin/vvp
:ivl_version "12.0 (devel)" "(s20150603-1539-g2693dd32b)";
:ivl_delay_selection "TYPICAL";
:vpi_time_precision - 12;
:vpi_module "C:\iverilog\lib\ivl\system.vpi";
:vpi_module "C:\iverilog\lib\ivl\vhdl_sys.vpi";
:vpi_module "C:\iverilog\lib\ivl\vhdl_textio.vpi";
:vpi_module "C:\iverilog\lib\ivl\v2005_math.vpi";
:vpi_module "C:\iverilog\lib\ivl\va_math.vpi";
S_0000014da950b5d0 .scope module, "comparator4_tb" "comparator4_tb" 2 5;
 .timescale -9 -12;
v0000014da950af40_0 .var "A", 3 0;
v0000014da95961f0_0 .var "B", 3 0;
v0000014da9596290_0 .net "eq", 0 0, L_0000014da9593250;  1 drivers
v0000014da9596330_0 .net "gt", 0 0, L_0000014da9593110;  1 drivers
v0000014da95963d0_0 .net "lt", 0 0, L_0000014da95931b0;  1 drivers
S_0000014da9596060 .scope module, "uut" "comparator4" 2 10, 3 4 0, S_0000014da950b5d0;
 .timescale -9 -12;
    .port_info 0 /INPUT 4 "A";
    .port_info 1 /INPUT 4 "B";
    .port_info 2 /OUTPUT 1 "gt";
    .port_info 3 /OUTPUT 1 "lt";
    .port_info 4 /OUTPUT 1 "eq";
v0000014da9563530_0 .net "A", 3 0, v0000014da950af40_0;  1 drivers
v0000014da950bd70_0 .net "B", 3 0, v0000014da95961f0_0;  1 drivers
v0000014da9563140_0 .net "eq", 0 0, L_0000014da9593250;  alias, 1 drivers
v0000014da950e560_0 .net "gt", 0 0, L_0000014da9593110;  alias, 1 drivers
v0000014da950b170_0 .net "lt", 0 0, L_0000014da95931b0;  alias, 1 drivers
L_0000014da9593110 .cmp/gt 4, v0000014da950af40_0, v0000014da95961f0_0;
L_0000014da95931b0 .cmp/eq 4, v0000014da950af40_0, v0000014da95961f0_0;
L_0000014da9593250 .cmp/eq 4, v0000014da950af40_0, v0000014da95961f0_0;
    .scope S_0000014da950b5d0;
T_0 ;
    %vpi_call 2 13 "$dumpfile", "comparator.vcd" {0 0 0};
    %vpi_call 2 14 "$dumpvars", 32'sb00000000000000000000000000000000, S_0000014da950b5d0 {0 0 0};
    %pushi/vec4 0, 0, 4;
    %store/vec4 v0000014da950af40_0, 0, 4;
    %pushi/vec4 0, 0, 4;
    %store/vec4 v0000014da95961f0_0, 0, 4;
    %delay 10000, 0;
    %pushi/vec4 2, 0, 4;
    %store/vec4 v0000014da950af40_0, 0, 4;
    %pushi/vec4 1, 0, 4;
    %store/vec4 v0000014da95961f0_0, 0, 4;
    %delay 10000, 0;
    %pushi/vec4 5, 0, 4;
    %store/vec4 v0000014da950af40_0, 0, 4;
    %pushi/vec4 10, 0, 4;
    %store/vec4 v0000014da95961f0_0, 0, 4;
    %delay 10000, 0;
    %pushi/vec4 15, 0, 4;
    %store/vec4 v0000014da950af40_0, 0, 4;
    %pushi/vec4 14, 0, 4;
    %store/vec4 v0000014da95961f0_0, 0, 4;
    %delay 10000, 0;
    %pushi/vec4 9, 0, 4;
    %store/vec4 v0000014da950af40_0, 0, 4;
    %pushi/vec4 9, 0, 4;
    %store/vec4 v0000014da95961f0_0, 0, 4;
    %delay 10000, 0;
    %vpi_call 2 32 "$finish" {0 0 0};
    %end;
    .thread T_0;
# The file index is used to find the file name in the following table.
:file_names 4;
    "N/A";
    "<interactive>";
    "comparator_tb.v";
    "./comparator.v";
