#! /c/Source/iverilog-install/bin/vvp
:ivl_version "12.0 (devel)" "(s20150603-1539-g2693dd32b)";
:ivl_delay_selection "TYPICAL";
:vpi_time_precision + 0;
:vpi_module "C:\iverilog\lib\ivl\system.vpi";
:vpi_module "C:\iverilog\lib\ivl\vhdl_sys.vpi";
:vpi_module "C:\iverilog\lib\ivl\vhdl_textio.vpi";
:vpi_module "C:\iverilog\lib\ivl\v2005_math.vpi";
:vpi_module "C:\iverilog\lib\ivl\va_math.vpi";
S_0000025de622bd60 .scope module, "beh_jkff_tb" "beh_jkff_tb" 2 1;
 .timescale 0 0;
v0000025de622d790_0 .var "J", 0 0;
v0000025de622d830_0 .var "K", 0 0;
v0000025de6273300_0 .net "Q", 0 0, v0000025de6226c30_0;  1 drivers
v0000025de62733a0_0 .net "Qbar", 0 0, v0000025de622d650_0;  1 drivers
v0000025de6273440_0 .var "clk", 0 0;
S_0000025de622d4c0 .scope module, "op" "jk_ff_beh" 2 6, 3 1 0, S_0000025de622bd60;
 .timescale 0 0;
    .port_info 0 /INPUT 1 "J";
    .port_info 1 /INPUT 1 "K";
    .port_info 2 /INPUT 1 "clk";
    .port_info 3 /OUTPUT 1 "Q";
    .port_info 4 /OUTPUT 1 "Qbar";
v0000025de6226a10_0 .net "J", 0 0, v0000025de622d790_0;  1 drivers
v0000025de62267b0_0 .net "K", 0 0, v0000025de622d830_0;  1 drivers
v0000025de6226c30_0 .var "Q", 0 0;
v0000025de622d650_0 .var "Qbar", 0 0;
v0000025de622d6f0_0 .net "clk", 0 0, v0000025de6273440_0;  1 drivers
E_0000025de62289a0 .event posedge, v0000025de622d6f0_0;
    .scope S_0000025de622d4c0;
T_0 ;
    %wait E_0000025de62289a0;
    %load/vec4 v0000025de6226a10_0;
    %load/vec4 v0000025de62267b0_0;
    %concat/vec4; draw_concat_vec4
    %dup/vec4;
    %pushi/vec4 0, 0, 2;
    %cmp/u;
    %jmp/1 T_0.0, 6;
    %dup/vec4;
    %pushi/vec4 1, 0, 2;
    %cmp/u;
    %jmp/1 T_0.1, 6;
    %dup/vec4;
    %pushi/vec4 2, 0, 2;
    %cmp/u;
    %jmp/1 T_0.2, 6;
    %dup/vec4;
    %pushi/vec4 3, 0, 2;
    %cmp/u;
    %jmp/1 T_0.3, 6;
    %jmp T_0.4;
T_0.0 ;
    %load/vec4 v0000025de6226c30_0;
    %assign/vec4 v0000025de6226c30_0, 0;
    %load/vec4 v0000025de622d650_0;
    %assign/vec4 v0000025de622d650_0, 0;
    %jmp T_0.4;
T_0.1 ;
    %pushi/vec4 0, 0, 1;
    %assign/vec4 v0000025de6226c30_0, 0;
    %pushi/vec4 1, 0, 1;
    %assign/vec4 v0000025de622d650_0, 0;
    %jmp T_0.4;
T_0.2 ;
    %pushi/vec4 1, 0, 1;
    %assign/vec4 v0000025de6226c30_0, 0;
    %pushi/vec4 0, 0, 1;
    %assign/vec4 v0000025de622d650_0, 0;
    %jmp T_0.4;
T_0.3 ;
    %load/vec4 v0000025de6226c30_0;
    %inv;
    %assign/vec4 v0000025de6226c30_0, 0;
    %load/vec4 v0000025de622d650_0;
    %inv;
    %assign/vec4 v0000025de622d650_0, 0;
    %jmp T_0.4;
T_0.4 ;
    %pop/vec4 1;
    %jmp T_0;
    .thread T_0;
    .scope S_0000025de622bd60;
T_1 ;
    %delay 5, 0;
    %load/vec4 v0000025de6273440_0;
    %inv;
    %store/vec4 v0000025de6273440_0, 0, 1;
    %jmp T_1;
    .thread T_1;
    .scope S_0000025de622bd60;
T_2 ;
    %vpi_call 2 14 "$dumpfile", "beh_jkff.vcd" {0 0 0};
    %vpi_call 2 15 "$dumpvars", 32'sb00000000000000000000000000000000, S_0000025de622bd60 {0 0 0};
    %pushi/vec4 0, 0, 1;
    %store/vec4 v0000025de6273440_0, 0, 1;
    %pushi/vec4 0, 0, 1;
    %store/vec4 v0000025de622d790_0, 0, 1;
    %pushi/vec4 0, 0, 1;
    %store/vec4 v0000025de622d830_0, 0, 1;
    %delay 10, 0;
    %pushi/vec4 0, 0, 1;
    %store/vec4 v0000025de622d790_0, 0, 1;
    %pushi/vec4 1, 0, 1;
    %store/vec4 v0000025de622d830_0, 0, 1;
    %delay 10, 0;
    %pushi/vec4 1, 0, 1;
    %store/vec4 v0000025de622d790_0, 0, 1;
    %pushi/vec4 0, 0, 1;
    %store/vec4 v0000025de622d830_0, 0, 1;
    %delay 10, 0;
    %pushi/vec4 1, 0, 1;
    %store/vec4 v0000025de622d790_0, 0, 1;
    %pushi/vec4 1, 0, 1;
    %store/vec4 v0000025de622d830_0, 0, 1;
    %delay 20, 0;
    %vpi_call 2 21 "$finish" {0 0 0};
    %end;
    .thread T_2;
# The file index is used to find the file name in the following table.
:file_names 4;
    "N/A";
    "<interactive>";
    "beh_jkff_tb.v";
    "beh_jkff.v";
