#! /c/Source/iverilog-install/bin/vvp
:ivl_version "12.0 (devel)" "(s20150603-1539-g2693dd32b)";
:ivl_delay_selection "TYPICAL";
:vpi_time_precision + 0;
:vpi_module "C:\iverilog\lib\ivl\system.vpi";
:vpi_module "C:\iverilog\lib\ivl\vhdl_sys.vpi";
:vpi_module "C:\iverilog\lib\ivl\vhdl_textio.vpi";
:vpi_module "C:\iverilog\lib\ivl\v2005_math.vpi";
:vpi_module "C:\iverilog\lib\ivl\va_math.vpi";
S_000001a61867b4d0 .scope module, "struct_jkff_tb" "struct_jkff_tb" 2 1;
 .timescale 0 0;
v000001a618676630_0 .var "J", 0 0;
v000001a6186766d0_0 .var "K", 0 0;
v000001a618676770_0 .net "Q", 0 0, L_000001a6185df170;  1 drivers
v000001a6185df030_0 .net "Qbar", 0 0, L_000001a6185df1e0;  1 drivers
v000001a6185df0d0_0 .var "clk", 0 0;
S_000001a61867bcb0 .scope module, "op" "jk_ff_struct" 2 6, 3 1 0, S_000001a61867b4d0;
 .timescale 0 0;
    .port_info 0 /INPUT 1 "J";
    .port_info 1 /INPUT 1 "K";
    .port_info 2 /INPUT 1 "clk";
    .port_info 3 /OUTPUT 1 "Q";
    .port_info 4 /OUTPUT 1 "Qbar";
L_000001a6185968f0 .functor AND 1, v000001a618676630_0, v000001a6185df0d0_0, L_000001a6185df1e0, C4<1>;
L_000001a618676e50 .functor AND 1, v000001a6186766d0_0, v000001a6185df0d0_0, L_000001a6185df170, C4<1>;
L_000001a6185df170 .functor NOR 1, L_000001a618676e50, L_000001a6185df1e0, C4<0>, C4<0>;
L_000001a6185df1e0 .functor NOR 1, L_000001a6185968f0, L_000001a6185df170, C4<0>, C4<0>;
v000001a618676a10_0 .net "J", 0 0, v000001a618676630_0;  1 drivers
v000001a618676c30_0 .net "K", 0 0, v000001a6186766d0_0;  1 drivers
v000001a61867be40_0 .net "Q", 0 0, L_000001a6185df170;  alias, 1 drivers
v000001a6186763b0_0 .net "Qbar", 0 0, L_000001a6185df1e0;  alias, 1 drivers
v000001a618676450_0 .net "R", 0 0, L_000001a618676e50;  1 drivers
v000001a6186764f0_0 .net "S", 0 0, L_000001a6185968f0;  1 drivers
v000001a618676590_0 .net "clk", 0 0, v000001a6185df0d0_0;  1 drivers
    .scope S_000001a61867b4d0;
T_0 ;
    %delay 5, 0;
    %load/vec4 v000001a6185df0d0_0;
    %inv;
    %store/vec4 v000001a6185df0d0_0, 0, 1;
    %jmp T_0;
    .thread T_0;
    .scope S_000001a61867b4d0;
T_1 ;
    %vpi_call 2 14 "$dumpfile", "struct_jkff.vcd" {0 0 0};
    %vpi_call 2 15 "$dumpvars", 32'sb00000000000000000000000000000000, S_000001a61867b4d0 {0 0 0};
    %pushi/vec4 0, 0, 1;
    %store/vec4 v000001a6185df0d0_0, 0, 1;
    %pushi/vec4 0, 0, 1;
    %store/vec4 v000001a618676630_0, 0, 1;
    %pushi/vec4 0, 0, 1;
    %store/vec4 v000001a6186766d0_0, 0, 1;
    %delay 10, 0;
    %pushi/vec4 0, 0, 1;
    %store/vec4 v000001a618676630_0, 0, 1;
    %pushi/vec4 1, 0, 1;
    %store/vec4 v000001a6186766d0_0, 0, 1;
    %delay 10, 0;
    %pushi/vec4 1, 0, 1;
    %store/vec4 v000001a618676630_0, 0, 1;
    %pushi/vec4 0, 0, 1;
    %store/vec4 v000001a6186766d0_0, 0, 1;
    %delay 10, 0;
    %pushi/vec4 1, 0, 1;
    %store/vec4 v000001a618676630_0, 0, 1;
    %pushi/vec4 1, 0, 1;
    %store/vec4 v000001a6186766d0_0, 0, 1;
    %delay 20, 0;
    %vpi_call 2 21 "$finish" {0 0 0};
    %end;
    .thread T_1;
# The file index is used to find the file name in the following table.
:file_names 4;
    "N/A";
    "<interactive>";
    "struct_jkff_tb.v";
    "struct_jkff.v";
